#
# There is insufficient memory for the Java Runtime Environment to continue.
# Native memory allocation (malloc) failed to allocate 2480976 bytes for Chunk::new
# Possible reasons:
#   The system is out of physical RAM or swap space
#   The process is running with CompressedOops enabled, and the Java Heap may be blocking the growth of the native heap
# Possible solutions:
#   Reduce memory load on the system
#   Increase physical memory or swap space
#   Check if swap backing store is full
#   Decrease Java heap size (-Xmx/-Xms)
#   Decrease number of Java threads
#   Decrease Java thread stack sizes (-Xss)
#   Set larger code cache with -XX:ReservedCodeCacheSize=
#   JVM is running with Unscaled Compressed Oops mode in which the Java heap is
#     placed in the first 4GB address space. The Java Heap base address is the
#     maximum limit for the native heap growth. Please use -XX:HeapBaseMinAddress
#     to set the Java Heap base and to place the Java Heap above 4GB virtual address.
# This output file may be truncated or incomplete.
#
#  Out of Memory Error (./open/src/hotspot/share/memory/arena.cpp:197), pid=3092, tid=5440
#
# JRE version: Java(TM) SE Runtime Environment 18.9 (11.0.15+8) (build 11.0.15+8-LTS-149)
# Java VM: Java HotSpot(TM) 64-Bit Server VM 18.9 (11.0.15+8-LTS-149, mixed mode, tiered, compressed oops, g1 gc, windows-amd64)
# No core dump will be written. Minidumps are not enabled by default on client versions of Windows
#

---------------  S U M M A R Y ------------

Command Line: -javaagent:C:\Program Files\JetBrains\IntelliJ IDEA Community Edition 2022.2.1\lib\idea_rt.jar=53126:C:\Program Files\JetBrains\IntelliJ IDEA Community Edition 2022.2.1\bin -Dfile.encoding=UTF-8 com.training.microservices.currencyconversionservice.CurrencyConversionServiceApplication

Host: Intel(R) Xeon(R) Platinum 8272CL CPU @ 2.60GHz, 2 cores, 7G,  Windows 10 , 64 bit Build 19041 (10.0.19041.1889)
Time: Mon Sep 12 06:31:42 2022 Coordinated Universal Time elapsed time: 9.434189 seconds (0d 0h 0m 9s)

---------------  T H R E A D  ---------------

Current thread (0x0000019e1da46800):  JavaThread "C2 CompilerThread0" daemon [_thread_in_native, id=5440, stack(0x0000001511100000,0x0000001511200000)]


Current CompileTask:
C2:   9434 4183       4       org.aspectj.apache.bcel.classfile.Attribute::readAttribute (568 bytes)

Stack: [0x0000001511100000,0x0000001511200000]
Native frames: (J=compiled Java code, j=interpreted, Vv=VM code, C=native code)
V  [jvm.dll+0x629d8a]
V  [jvm.dll+0x7638ff]
V  [jvm.dll+0x764fa9]
V  [jvm.dll+0x765633]
V  [jvm.dll+0x23d9c8]
V  [jvm.dll+0xb2a1c]
V  [jvm.dll+0xb2fdc]
V  [jvm.dll+0x341002]
V  [jvm.dll+0x30e9b3]
V  [jvm.dll+0x30dcfa]
V  [jvm.dll+0x1f8565]
V  [jvm.dll+0x1f774d]
V  [jvm.dll+0x177c51]
V  [jvm.dll+0x207026]
V  [jvm.dll+0x2051bb]
V  [jvm.dll+0x729820]
V  [jvm.dll+0x7223f4]
V  [jvm.dll+0x628c26]
C  [ucrtbase.dll+0x21bb2]
C  [KERNEL32.DLL+0x17034]
C  [ntdll.dll+0x52651]


---------------  P R O C E S S  ---------------

Threads class SMR info:
_java_thread_list=0x0000019e1fc49bb0, length=13, elements={
0x0000019e7ac1d000, 0x0000019e1da20000, 0x0000019e1da21000, 0x0000019e1e3c2800,
0x0000019e1e3c3000, 0x0000019e1da43800, 0x0000019e1da46800, 0x0000019e1da67800,
0x0000019e1da68000, 0x0000019e1d9bd000, 0x0000019e1ec23800, 0x0000019e1f6ea800,
0x0000019e1fa08000
}

Java Threads: ( => current thread )
  0x0000019e7ac1d000 JavaThread "main" [_thread_blocked, id=2328, stack(0x0000001510400000,0x0000001510500000)]
  0x0000019e1da20000 JavaThread "Reference Handler" daemon [_thread_blocked, id=13220, stack(0x0000001510c00000,0x0000001510d00000)]
  0x0000019e1da21000 JavaThread "Finalizer" daemon [_thread_blocked, id=9196, stack(0x0000001510d00000,0x0000001510e00000)]
  0x0000019e1e3c2800 JavaThread "Signal Dispatcher" daemon [_thread_blocked, id=4852, stack(0x0000001510e00000,0x0000001510f00000)]
  0x0000019e1e3c3000 JavaThread "Attach Listener" daemon [_thread_blocked, id=4720, stack(0x0000001510f00000,0x0000001511000000)]
  0x0000019e1da43800 JavaThread "Service Thread" daemon [_thread_blocked, id=9020, stack(0x0000001511000000,0x0000001511100000)]
=>0x0000019e1da46800 JavaThread "C2 CompilerThread0" daemon [_thread_in_native, id=5440, stack(0x0000001511100000,0x0000001511200000)]
  0x0000019e1da67800 JavaThread "C1 CompilerThread0" daemon [_thread_blocked, id=13348, stack(0x0000001511200000,0x0000001511300000)]
  0x0000019e1da68000 JavaThread "Sweeper thread" daemon [_thread_blocked, id=13108, stack(0x0000001511300000,0x0000001511400000)]
  0x0000019e1d9bd000 JavaThread "Common-Cleaner" daemon [_thread_blocked, id=4436, stack(0x0000001511400000,0x0000001511500000)]
  0x0000019e1ec23800 JavaThread "Monitor Ctrl-Break" daemon [_thread_in_native, id=9716, stack(0x0000001511600000,0x0000001511700000)]
  0x0000019e1f6ea800 JavaThread "Thread-0" [_thread_blocked, id=4984, stack(0x0000001511800000,0x0000001511900000)]
  0x0000019e1fa08000 JavaThread "restartedMain" [_thread_in_native, id=4184, stack(0x0000001511900000,0x0000001511a00000)]

Other Threads:
  0x0000019e1da1b800 VMThread "VM Thread" [stack: 0x0000001510b00000,0x0000001510c00000] [id=14292]
  0x0000019e1ec28800 WatcherThread [stack: 0x0000001511700000,0x0000001511800000] [id=13112]
  0x0000019e7ac32000 GCTaskThread "GC Thread#0" [stack: 0x0000001510600000,0x0000001510700000] [id=1080]
  0x0000019e1e9a4000 GCTaskThread "GC Thread#1" [stack: 0x0000001511500000,0x0000001511600000] [id=11992]
  0x0000019e7ac63000 ConcurrentGCThread "G1 Main Marker" [stack: 0x0000001510700000,0x0000001510800000] [id=11624]
  0x0000019e7ac65800 ConcurrentGCThread "G1 Conc#0" [stack: 0x0000001510800000,0x0000001510900000] [id=6588]
  0x0000019e7aced000 ConcurrentGCThread "G1 Refine#0" [stack: 0x0000001510900000,0x0000001510a00000] [id=11412]
  0x0000019e7acee000 ConcurrentGCThread "G1 Young RemSet Sampling" [stack: 0x0000001510a00000,0x0000001510b00000] [id=5992]

Threads with active compile tasks:
C2 CompilerThread0   9451 4183       4       org.aspectj.apache.bcel.classfile.Attribute::readAttribute (568 bytes)

VM state:not at safepoint (normal execution)

VM Mutex/Monitor currently owned by a thread: None

Heap address: 0x0000000080000000, size: 2048 MB, Compressed Oops mode: 32-bit
Narrow klass base: 0x0000000000000000, Narrow klass shift: 3
Compressed class space size: 1073741824 Address: 0x0000000100000000

Heap:
 garbage-first heap   total 157696K, used 64911K [0x0000000080000000, 0x0000000100000000)
  region size 1024K, 57 young (58368K), 8 survivors (8192K)
 Metaspace       used 40236K, capacity 41247K, committed 41344K, reserved 1085440K
  class space    used 4816K, capacity 5212K, committed 5248K, reserved 1048576K
Heap Regions: E=young(eden), S=young(survivor), O=old, HS=humongous(starts), HC=humongous(continues), CS=collection set, F=free, A=archive, TAMS=top-at-mark-start (previous, next)
|   0|0x0000000080000000, 0x0000000080100000, 0x0000000080100000|100%| O|  |TAMS 0x0000000080100000, 0x0000000080000000| Untracked 
|   1|0x0000000080100000, 0x0000000080200000, 0x0000000080200000|100%| O|  |TAMS 0x0000000080200000, 0x0000000080100000| Untracked 
|   2|0x0000000080200000, 0x0000000080300000, 0x0000000080300000|100%| O|  |TAMS 0x0000000080300000, 0x0000000080200000| Untracked 
|   3|0x0000000080300000, 0x0000000080400000, 0x0000000080400000|100%| O|  |TAMS 0x0000000080400000, 0x0000000080300000| Untracked 
|   4|0x0000000080400000, 0x0000000080500000, 0x0000000080500000|100%| O|  |TAMS 0x0000000080500000, 0x0000000080400000| Untracked 
|   5|0x0000000080500000, 0x0000000080600000, 0x0000000080600000|100%| O|  |TAMS 0x0000000080600000, 0x0000000080500000| Untracked 
|   6|0x0000000080600000, 0x0000000080700000, 0x0000000080700000|100%| O|  |TAMS 0x0000000080700000, 0x0000000080600000| Untracked 
|   7|0x0000000080700000, 0x00000000807e3e00, 0x0000000080800000| 89%| O|  |TAMS 0x00000000807e3e00, 0x0000000080700000| Untracked 
|   8|0x0000000080800000, 0x0000000080800000, 0x0000000080900000|  0%| F|  |TAMS 0x0000000080800000, 0x0000000080800000| Untracked 
|   9|0x0000000080900000, 0x0000000080900000, 0x0000000080a00000|  0%| F|  |TAMS 0x0000000080900000, 0x0000000080900000| Untracked 
|  10|0x0000000080a00000, 0x0000000080a00000, 0x0000000080b00000|  0%| F|  |TAMS 0x0000000080a00000, 0x0000000080a00000| Untracked 
|  11|0x0000000080b00000, 0x0000000080b00000, 0x0000000080c00000|  0%| F|  |TAMS 0x0000000080b00000, 0x0000000080b00000| Untracked 
|  12|0x0000000080c00000, 0x0000000080c00000, 0x0000000080d00000|  0%| F|  |TAMS 0x0000000080c00000, 0x0000000080c00000| Untracked 
|  13|0x0000000080d00000, 0x0000000080d00000, 0x0000000080e00000|  0%| F|  |TAMS 0x0000000080d00000, 0x0000000080d00000| Untracked 
|  14|0x0000000080e00000, 0x0000000080e00000, 0x0000000080f00000|  0%| F|  |TAMS 0x0000000080e00000, 0x0000000080e00000| Untracked 
|  15|0x0000000080f00000, 0x0000000080f00000, 0x0000000081000000|  0%| F|  |TAMS 0x0000000080f00000, 0x0000000080f00000| Untracked 
|  16|0x0000000081000000, 0x0000000081000000, 0x0000000081100000|  0%| F|  |TAMS 0x0000000081000000, 0x0000000081000000| Untracked 
|  17|0x0000000081100000, 0x0000000081100000, 0x0000000081200000|  0%| F|  |TAMS 0x0000000081100000, 0x0000000081100000| Untracked 
|  18|0x0000000081200000, 0x0000000081200000, 0x0000000081300000|  0%| F|  |TAMS 0x0000000081200000, 0x0000000081200000| Untracked 
|  19|0x0000000081300000, 0x0000000081300000, 0x0000000081400000|  0%| F|  |TAMS 0x0000000081300000, 0x0000000081300000| Untracked 
|  20|0x0000000081400000, 0x0000000081400000, 0x0000000081500000|  0%| F|  |TAMS 0x0000000081400000, 0x0000000081400000| Untracked 
|  21|0x0000000081500000, 0x0000000081500000, 0x0000000081600000|  0%| F|  |TAMS 0x0000000081500000, 0x0000000081500000| Untracked 
|  22|0x0000000081600000, 0x0000000081600000, 0x0000000081700000|  0%| F|  |TAMS 0x0000000081600000, 0x0000000081600000| Untracked 
|  23|0x0000000081700000, 0x0000000081700000, 0x0000000081800000|  0%| F|  |TAMS 0x0000000081700000, 0x0000000081700000| Untracked 
|  24|0x0000000081800000, 0x0000000081800000, 0x0000000081900000|  0%| F|  |TAMS 0x0000000081800000, 0x0000000081800000| Untracked 
|  25|0x0000000081900000, 0x0000000081900000, 0x0000000081a00000|  0%| F|  |TAMS 0x0000000081900000, 0x0000000081900000| Untracked 
|  26|0x0000000081a00000, 0x0000000081a00000, 0x0000000081b00000|  0%| F|  |TAMS 0x0000000081a00000, 0x0000000081a00000| Untracked 
|  27|0x0000000081b00000, 0x0000000081b00000, 0x0000000081c00000|  0%| F|  |TAMS 0x0000000081b00000, 0x0000000081b00000| Untracked 
|  28|0x0000000081c00000, 0x0000000081c00000, 0x0000000081d00000|  0%| F|  |TAMS 0x0000000081c00000, 0x0000000081c00000| Untracked 
|  29|0x0000000081d00000, 0x0000000081d00000, 0x0000000081e00000|  0%| F|  |TAMS 0x0000000081d00000, 0x0000000081d00000| Untracked 
|  30|0x0000000081e00000, 0x0000000081e00000, 0x0000000081f00000|  0%| F|  |TAMS 0x0000000081e00000, 0x0000000081e00000| Untracked 
|  31|0x0000000081f00000, 0x0000000081f00000, 0x0000000082000000|  0%| F|  |TAMS 0x0000000081f00000, 0x0000000081f00000| Untracked 
|  32|0x0000000082000000, 0x0000000082000000, 0x0000000082100000|  0%| F|  |TAMS 0x0000000082000000, 0x0000000082000000| Untracked 
|  33|0x0000000082100000, 0x0000000082100000, 0x0000000082200000|  0%| F|  |TAMS 0x0000000082100000, 0x0000000082100000| Untracked 
|  34|0x0000000082200000, 0x0000000082200000, 0x0000000082300000|  0%| F|  |TAMS 0x0000000082200000, 0x0000000082200000| Untracked 
|  35|0x0000000082300000, 0x0000000082300000, 0x0000000082400000|  0%| F|  |TAMS 0x0000000082300000, 0x0000000082300000| Untracked 
|  36|0x0000000082400000, 0x0000000082400000, 0x0000000082500000|  0%| F|  |TAMS 0x0000000082400000, 0x0000000082400000| Untracked 
|  37|0x0000000082500000, 0x0000000082500000, 0x0000000082600000|  0%| F|  |TAMS 0x0000000082500000, 0x0000000082500000| Untracked 
|  38|0x0000000082600000, 0x0000000082600000, 0x0000000082700000|  0%| F|  |TAMS 0x0000000082600000, 0x0000000082600000| Untracked 
|  39|0x0000000082700000, 0x0000000082700000, 0x0000000082800000|  0%| F|  |TAMS 0x0000000082700000, 0x0000000082700000| Untracked 
|  40|0x0000000082800000, 0x0000000082800000, 0x0000000082900000|  0%| F|  |TAMS 0x0000000082800000, 0x0000000082800000| Untracked 
|  41|0x0000000082900000, 0x0000000082900000, 0x0000000082a00000|  0%| F|  |TAMS 0x0000000082900000, 0x0000000082900000| Untracked 
|  42|0x0000000082a00000, 0x0000000082a00000, 0x0000000082b00000|  0%| F|  |TAMS 0x0000000082a00000, 0x0000000082a00000| Untracked 
|  43|0x0000000082b00000, 0x0000000082b00000, 0x0000000082c00000|  0%| F|  |TAMS 0x0000000082b00000, 0x0000000082b00000| Untracked 
|  44|0x0000000082c00000, 0x0000000082c00000, 0x0000000082d00000|  0%| F|  |TAMS 0x0000000082c00000, 0x0000000082c00000| Untracked 
|  45|0x0000000082d00000, 0x0000000082d00000, 0x0000000082e00000|  0%| F|  |TAMS 0x0000000082d00000, 0x0000000082d00000| Untracked 
|  46|0x0000000082e00000, 0x0000000082e00000, 0x0000000082f00000|  0%| F|  |TAMS 0x0000000082e00000, 0x0000000082e00000| Untracked 
|  47|0x0000000082f00000, 0x0000000082f00000, 0x0000000083000000|  0%| F|  |TAMS 0x0000000082f00000, 0x0000000082f00000| Untracked 
|  48|0x0000000083000000, 0x0000000083000000, 0x0000000083100000|  0%| F|  |TAMS 0x0000000083000000, 0x0000000083000000| Untracked 
|  49|0x0000000083100000, 0x0000000083100000, 0x0000000083200000|  0%| F|  |TAMS 0x0000000083100000, 0x0000000083100000| Untracked 
|  50|0x0000000083200000, 0x0000000083200000, 0x0000000083300000|  0%| F|  |TAMS 0x0000000083200000, 0x0000000083200000| Untracked 
|  51|0x0000000083300000, 0x0000000083300000, 0x0000000083400000|  0%| F|  |TAMS 0x0000000083300000, 0x0000000083300000| Untracked 
|  52|0x0000000083400000, 0x0000000083400000, 0x0000000083500000|  0%| F|  |TAMS 0x0000000083400000, 0x0000000083400000| Untracked 
|  53|0x0000000083500000, 0x0000000083500000, 0x0000000083600000|  0%| F|  |TAMS 0x0000000083500000, 0x0000000083500000| Untracked 
|  54|0x0000000083600000, 0x0000000083600000, 0x0000000083700000|  0%| F|  |TAMS 0x0000000083600000, 0x0000000083600000| Untracked 
|  55|0x0000000083700000, 0x0000000083700000, 0x0000000083800000|  0%| F|  |TAMS 0x0000000083700000, 0x0000000083700000| Untracked 
|  56|0x0000000083800000, 0x0000000083800000, 0x0000000083900000|  0%| F|  |TAMS 0x0000000083800000, 0x0000000083800000| Untracked 
|  57|0x0000000083900000, 0x0000000083900000, 0x0000000083a00000|  0%| F|  |TAMS 0x0000000083900000, 0x0000000083900000| Untracked 
|  58|0x0000000083a00000, 0x0000000083a00000, 0x0000000083b00000|  0%| F|  |TAMS 0x0000000083a00000, 0x0000000083a00000| Untracked 
|  59|0x0000000083b00000, 0x0000000083b00000, 0x0000000083c00000|  0%| F|  |TAMS 0x0000000083b00000, 0x0000000083b00000| Untracked 
|  60|0x0000000083c00000, 0x0000000083c00000, 0x0000000083d00000|  0%| F|  |TAMS 0x0000000083c00000, 0x0000000083c00000| Untracked 
|  61|0x0000000083d00000, 0x0000000083d00000, 0x0000000083e00000|  0%| F|  |TAMS 0x0000000083d00000, 0x0000000083d00000| Untracked 
|  62|0x0000000083e00000, 0x0000000083e00000, 0x0000000083f00000|  0%| F|  |TAMS 0x0000000083e00000, 0x0000000083e00000| Untracked 
|  63|0x0000000083f00000, 0x0000000083f00000, 0x0000000084000000|  0%| F|  |TAMS 0x0000000083f00000, 0x0000000083f00000| Untracked 
|  64|0x0000000084000000, 0x0000000084000000, 0x0000000084100000|  0%| F|  |TAMS 0x0000000084000000, 0x0000000084000000| Untracked 
|  65|0x0000000084100000, 0x0000000084100000, 0x0000000084200000|  0%| F|  |TAMS 0x0000000084100000, 0x0000000084100000| Untracked 
|  66|0x0000000084200000, 0x0000000084200000, 0x0000000084300000|  0%| F|  |TAMS 0x0000000084200000, 0x0000000084200000| Untracked 
|  67|0x0000000084300000, 0x0000000084300000, 0x0000000084400000|  0%| F|  |TAMS 0x0000000084300000, 0x0000000084300000| Untracked 
|  68|0x0000000084400000, 0x0000000084400000, 0x0000000084500000|  0%| F|  |TAMS 0x0000000084400000, 0x0000000084400000| Untracked 
|  69|0x0000000084500000, 0x0000000084500000, 0x0000000084600000|  0%| F|  |TAMS 0x0000000084500000, 0x0000000084500000| Untracked 
|  70|0x0000000084600000, 0x0000000084600000, 0x0000000084700000|  0%| F|  |TAMS 0x0000000084600000, 0x0000000084600000| Untracked 
|  71|0x0000000084700000, 0x0000000084700000, 0x0000000084800000|  0%| F|  |TAMS 0x0000000084700000, 0x0000000084700000| Untracked 
|  72|0x0000000084800000, 0x0000000084800000, 0x0000000084900000|  0%| F|  |TAMS 0x0000000084800000, 0x0000000084800000| Untracked 
|  73|0x0000000084900000, 0x0000000084900000, 0x0000000084a00000|  0%| F|  |TAMS 0x0000000084900000, 0x0000000084900000| Untracked 
|  74|0x0000000084a00000, 0x0000000084a00000, 0x0000000084b00000|  0%| F|  |TAMS 0x0000000084a00000, 0x0000000084a00000| Untracked 
|  75|0x0000000084b00000, 0x0000000084b00000, 0x0000000084c00000|  0%| F|  |TAMS 0x0000000084b00000, 0x0000000084b00000| Untracked 
|  76|0x0000000084c00000, 0x0000000084c00000, 0x0000000084d00000|  0%| F|  |TAMS 0x0000000084c00000, 0x0000000084c00000| Untracked 
|  77|0x0000000084d00000, 0x0000000084d00000, 0x0000000084e00000|  0%| F|  |TAMS 0x0000000084d00000, 0x0000000084d00000| Untracked 
|  78|0x0000000084e00000, 0x0000000084e00000, 0x0000000084f00000|  0%| F|  |TAMS 0x0000000084e00000, 0x0000000084e00000| Untracked 
|  79|0x0000000084f00000, 0x0000000084f00000, 0x0000000085000000|  0%| F|  |TAMS 0x0000000084f00000, 0x0000000084f00000| Untracked 
|  80|0x0000000085000000, 0x0000000085000000, 0x0000000085100000|  0%| F|  |TAMS 0x0000000085000000, 0x0000000085000000| Untracked 
|  81|0x0000000085100000, 0x0000000085100000, 0x0000000085200000|  0%| F|  |TAMS 0x0000000085100000, 0x0000000085100000| Untracked 
|  82|0x0000000085200000, 0x0000000085200000, 0x0000000085300000|  0%| F|  |TAMS 0x0000000085200000, 0x0000000085200000| Untracked 
|  83|0x0000000085300000, 0x0000000085300000, 0x0000000085400000|  0%| F|  |TAMS 0x0000000085300000, 0x0000000085300000| Untracked 
|  84|0x0000000085400000, 0x0000000085400000, 0x0000000085500000|  0%| F|  |TAMS 0x0000000085400000, 0x0000000085400000| Untracked 
|  85|0x0000000085500000, 0x0000000085500000, 0x0000000085600000|  0%| F|  |TAMS 0x0000000085500000, 0x0000000085500000| Untracked 
|  86|0x0000000085600000, 0x0000000085600000, 0x0000000085700000|  0%| F|  |TAMS 0x0000000085600000, 0x0000000085600000| Untracked 
|  87|0x0000000085700000, 0x0000000085700000, 0x0000000085800000|  0%| F|  |TAMS 0x0000000085700000, 0x0000000085700000| Untracked 
|  88|0x0000000085800000, 0x0000000085800000, 0x0000000085900000|  0%| F|  |TAMS 0x0000000085800000, 0x0000000085800000| Untracked 
|  89|0x0000000085900000, 0x0000000085900000, 0x0000000085a00000|  0%| F|  |TAMS 0x0000000085900000, 0x0000000085900000| Untracked 
|  90|0x0000000085a00000, 0x0000000085a00000, 0x0000000085b00000|  0%| F|  |TAMS 0x0000000085a00000, 0x0000000085a00000| Untracked 
|  91|0x0000000085b00000, 0x0000000085b00000, 0x0000000085c00000|  0%| F|  |TAMS 0x0000000085b00000, 0x0000000085b00000| Untracked 
|  92|0x0000000085c00000, 0x0000000085c00000, 0x0000000085d00000|  0%| F|  |TAMS 0x0000000085c00000, 0x0000000085c00000| Untracked 
|  93|0x0000000085d00000, 0x0000000085d00000, 0x0000000085e00000|  0%| F|  |TAMS 0x0000000085d00000, 0x0000000085d00000| Untracked 
|  94|0x0000000085e00000, 0x0000000085e00000, 0x0000000085f00000|  0%| F|  |TAMS 0x0000000085e00000, 0x0000000085e00000| Untracked 
|  95|0x0000000085f00000, 0x0000000085f00000, 0x0000000086000000|  0%| F|  |TAMS 0x0000000085f00000, 0x0000000085f00000| Untracked 
|  96|0x0000000086000000, 0x0000000086000000, 0x0000000086100000|  0%| F|  |TAMS 0x0000000086000000, 0x0000000086000000| Untracked 
|  97|0x0000000086100000, 0x0000000086200000, 0x0000000086200000|100%| E|  |TAMS 0x0000000086100000, 0x0000000086100000| Complete 
|  98|0x0000000086200000, 0x0000000086300000, 0x0000000086300000|100%| E|CS|TAMS 0x0000000086200000, 0x0000000086200000| Complete 
|  99|0x0000000086300000, 0x0000000086400000, 0x0000000086400000|100%| E|CS|TAMS 0x0000000086300000, 0x0000000086300000| Complete 
| 100|0x0000000086400000, 0x0000000086500000, 0x0000000086500000|100%| E|CS|TAMS 0x0000000086400000, 0x0000000086400000| Complete 
| 101|0x0000000086500000, 0x0000000086600000, 0x0000000086600000|100%| E|CS|TAMS 0x0000000086500000, 0x0000000086500000| Complete 
| 102|0x0000000086600000, 0x0000000086700000, 0x0000000086700000|100%| E|CS|TAMS 0x0000000086600000, 0x0000000086600000| Complete 
| 103|0x0000000086700000, 0x0000000086780000, 0x0000000086800000| 50%| S|CS|TAMS 0x0000000086700000, 0x0000000086700000| Complete 
| 104|0x0000000086800000, 0x0000000086900000, 0x0000000086900000|100%| S|CS|TAMS 0x0000000086800000, 0x0000000086800000| Complete 
| 105|0x0000000086900000, 0x0000000086a00000, 0x0000000086a00000|100%| S|CS|TAMS 0x0000000086900000, 0x0000000086900000| Complete 
| 106|0x0000000086a00000, 0x0000000086b00000, 0x0000000086b00000|100%| S|CS|TAMS 0x0000000086a00000, 0x0000000086a00000| Complete 
| 107|0x0000000086b00000, 0x0000000086c00000, 0x0000000086c00000|100%| S|CS|TAMS 0x0000000086b00000, 0x0000000086b00000| Complete 
| 108|0x0000000086c00000, 0x0000000086d00000, 0x0000000086d00000|100%| S|CS|TAMS 0x0000000086c00000, 0x0000000086c00000| Complete 
| 109|0x0000000086d00000, 0x0000000086e00000, 0x0000000086e00000|100%| S|CS|TAMS 0x0000000086d00000, 0x0000000086d00000| Complete 
| 110|0x0000000086e00000, 0x0000000086f00000, 0x0000000086f00000|100%| S|CS|TAMS 0x0000000086e00000, 0x0000000086e00000| Complete 
| 111|0x0000000086f00000, 0x0000000087000000, 0x0000000087000000|100%| E|CS|TAMS 0x0000000086f00000, 0x0000000086f00000| Complete 
| 112|0x0000000087000000, 0x0000000087100000, 0x0000000087100000|100%| E|CS|TAMS 0x0000000087000000, 0x0000000087000000| Complete 
| 113|0x0000000087100000, 0x0000000087200000, 0x0000000087200000|100%| E|CS|TAMS 0x0000000087100000, 0x0000000087100000| Complete 
| 114|0x0000000087200000, 0x0000000087300000, 0x0000000087300000|100%| E|CS|TAMS 0x0000000087200000, 0x0000000087200000| Complete 
| 115|0x0000000087300000, 0x0000000087400000, 0x0000000087400000|100%| E|CS|TAMS 0x0000000087300000, 0x0000000087300000| Complete 
| 116|0x0000000087400000, 0x0000000087500000, 0x0000000087500000|100%| E|CS|TAMS 0x0000000087400000, 0x0000000087400000| Complete 
| 117|0x0000000087500000, 0x0000000087600000, 0x0000000087600000|100%| E|CS|TAMS 0x0000000087500000, 0x0000000087500000| Complete 
| 118|0x0000000087600000, 0x0000000087700000, 0x0000000087700000|100%| E|CS|TAMS 0x0000000087600000, 0x0000000087600000| Complete 
| 119|0x0000000087700000, 0x0000000087800000, 0x0000000087800000|100%| E|CS|TAMS 0x0000000087700000, 0x0000000087700000| Complete 
| 120|0x0000000087800000, 0x0000000087900000, 0x0000000087900000|100%| E|CS|TAMS 0x0000000087800000, 0x0000000087800000| Complete 
| 121|0x0000000087900000, 0x0000000087a00000, 0x0000000087a00000|100%| E|CS|TAMS 0x0000000087900000, 0x0000000087900000| Complete 
| 122|0x0000000087a00000, 0x0000000087b00000, 0x0000000087b00000|100%| E|CS|TAMS 0x0000000087a00000, 0x0000000087a00000| Complete 
| 123|0x0000000087b00000, 0x0000000087c00000, 0x0000000087c00000|100%| E|CS|TAMS 0x0000000087b00000, 0x0000000087b00000| Complete 
| 124|0x0000000087c00000, 0x0000000087d00000, 0x0000000087d00000|100%| E|CS|TAMS 0x0000000087c00000, 0x0000000087c00000| Complete 
| 125|0x0000000087d00000, 0x0000000087e00000, 0x0000000087e00000|100%| E|CS|TAMS 0x0000000087d00000, 0x0000000087d00000| Complete 
| 126|0x0000000087e00000, 0x0000000087f00000, 0x0000000087f00000|100%| E|CS|TAMS 0x0000000087e00000, 0x0000000087e00000| Complete 
| 127|0x0000000087f00000, 0x0000000088000000, 0x0000000088000000|100%| E|CS|TAMS 0x0000000087f00000, 0x0000000087f00000| Complete 
| 128|0x0000000088000000, 0x0000000088100000, 0x0000000088100000|100%| E|CS|TAMS 0x0000000088000000, 0x0000000088000000| Complete 
| 129|0x0000000088100000, 0x0000000088200000, 0x0000000088200000|100%| E|CS|TAMS 0x0000000088100000, 0x0000000088100000| Complete 
| 130|0x0000000088200000, 0x0000000088300000, 0x0000000088300000|100%| E|CS|TAMS 0x0000000088200000, 0x0000000088200000| Complete 
| 131|0x0000000088300000, 0x0000000088400000, 0x0000000088400000|100%| E|CS|TAMS 0x0000000088300000, 0x0000000088300000| Complete 
| 132|0x0000000088400000, 0x0000000088500000, 0x0000000088500000|100%| E|CS|TAMS 0x0000000088400000, 0x0000000088400000| Complete 
| 133|0x0000000088500000, 0x0000000088600000, 0x0000000088600000|100%| E|CS|TAMS 0x0000000088500000, 0x0000000088500000| Complete 
| 134|0x0000000088600000, 0x0000000088700000, 0x0000000088700000|100%| E|CS|TAMS 0x0000000088600000, 0x0000000088600000| Complete 
| 135|0x0000000088700000, 0x0000000088800000, 0x0000000088800000|100%| E|CS|TAMS 0x0000000088700000, 0x0000000088700000| Complete 
| 136|0x0000000088800000, 0x0000000088900000, 0x0000000088900000|100%| E|CS|TAMS 0x0000000088800000, 0x0000000088800000| Complete 
| 137|0x0000000088900000, 0x0000000088a00000, 0x0000000088a00000|100%| E|CS|TAMS 0x0000000088900000, 0x0000000088900000| Complete 
| 138|0x0000000088a00000, 0x0000000088b00000, 0x0000000088b00000|100%| E|CS|TAMS 0x0000000088a00000, 0x0000000088a00000| Complete 
| 139|0x0000000088b00000, 0x0000000088c00000, 0x0000000088c00000|100%| E|CS|TAMS 0x0000000088b00000, 0x0000000088b00000| Complete 
| 140|0x0000000088c00000, 0x0000000088d00000, 0x0000000088d00000|100%| E|CS|TAMS 0x0000000088c00000, 0x0000000088c00000| Complete 
| 141|0x0000000088d00000, 0x0000000088e00000, 0x0000000088e00000|100%| E|CS|TAMS 0x0000000088d00000, 0x0000000088d00000| Complete 
| 142|0x0000000088e00000, 0x0000000088f00000, 0x0000000088f00000|100%| E|CS|TAMS 0x0000000088e00000, 0x0000000088e00000| Complete 
| 143|0x0000000088f00000, 0x0000000089000000, 0x0000000089000000|100%| E|CS|TAMS 0x0000000088f00000, 0x0000000088f00000| Complete 
| 144|0x0000000089000000, 0x0000000089100000, 0x0000000089100000|100%| E|CS|TAMS 0x0000000089000000, 0x0000000089000000| Complete 
| 145|0x0000000089100000, 0x0000000089200000, 0x0000000089200000|100%| E|CS|TAMS 0x0000000089100000, 0x0000000089100000| Complete 
| 146|0x0000000089200000, 0x0000000089300000, 0x0000000089300000|100%| E|CS|TAMS 0x0000000089200000, 0x0000000089200000| Complete 
| 147|0x0000000089300000, 0x0000000089400000, 0x0000000089400000|100%| E|CS|TAMS 0x0000000089300000, 0x0000000089300000| Complete 
| 148|0x0000000089400000, 0x0000000089500000, 0x0000000089500000|100%| E|CS|TAMS 0x0000000089400000, 0x0000000089400000| Complete 
| 149|0x0000000089500000, 0x0000000089600000, 0x0000000089600000|100%| E|CS|TAMS 0x0000000089500000, 0x0000000089500000| Complete 
| 150|0x0000000089600000, 0x0000000089700000, 0x0000000089700000|100%| E|CS|TAMS 0x0000000089600000, 0x0000000089600000| Complete 
| 151|0x0000000089700000, 0x0000000089800000, 0x0000000089800000|100%| E|CS|TAMS 0x0000000089700000, 0x0000000089700000| Complete 
| 152|0x0000000089800000, 0x0000000089900000, 0x0000000089900000|100%| E|CS|TAMS 0x0000000089800000, 0x0000000089800000| Complete 
| 153|0x0000000089900000, 0x0000000089a00000, 0x0000000089a00000|100%| E|CS|TAMS 0x0000000089900000, 0x0000000089900000| Complete 

Card table byte_map: [0x0000019e16e00000,0x0000019e17200000] _byte_map_base: 0x0000019e16a00000

Marking Bits (Prev, Next): (CMBitMap*) 0x0000019e7ac5a458, (CMBitMap*) 0x0000019e7ac5a490
 Prev Bits: [0x0000019e17600000, 0x0000019e19600000)
 Next Bits: [0x0000019e19600000, 0x0000019e1b600000)

Polling page: 0x0000019e00000000

Metaspace:

Usage:
  Non-class:     35.19 MB capacity,    34.59 MB ( 98%) used,   496.13 KB (  1%) free+waste,   119.38 KB ( <1%) overhead. 
      Class:      5.09 MB capacity,     4.70 MB ( 92%) used,   338.23 KB (  6%) free+waste,    56.81 KB (  1%) overhead. 
       Both:     40.28 MB capacity,    39.29 MB ( 98%) used,   834.37 KB (  2%) free+waste,   176.19 KB ( <1%) overhead. 

Virtual space:
  Non-class space:       36.00 MB reserved,      35.25 MB ( 98%) committed 
      Class space:        1.00 GB reserved,       5.13 MB ( <1%) committed 
             Both:        1.04 GB reserved,      40.38 MB (  4%) committed 

Chunk freelists:
   Non-Class:  0 bytes
       Class:  512 bytes
        Both:  512 bytes

CodeHeap 'non-profiled nmethods': size=120064Kb used=1911Kb max_used=1911Kb free=118152Kb
 bounds [0x0000019e0f0b0000, 0x0000019e0f320000, 0x0000019e165f0000]
CodeHeap 'profiled nmethods': size=120000Kb used=9312Kb max_used=9312Kb free=110687Kb
 bounds [0x0000019e07b80000, 0x0000019e084a0000, 0x0000019e0f0b0000]
CodeHeap 'non-nmethods': size=5696Kb used=1158Kb max_used=1204Kb free=4538Kb
 bounds [0x0000019e075f0000, 0x0000019e07860000, 0x0000019e07b80000]
 total_blobs=4672 nmethods=4194 adapters=388
 compilation: enabled
              stopped_count=0, restarted_count=0
 full_count=0

Compilation events (10 events):
Event: 9.358 Thread 0x0000019e1da67800 4211 %     3       sun.nio.cs.UTF_8$Decoder::decodeArrayLoop @ 73 (691 bytes)
Event: 9.364 Thread 0x0000019e1da67800 nmethod 4211% 0x0000019e08485590 code [0x0000019e08485f00, 0x0000019e0848be08]
Event: 9.364 Thread 0x0000019e1da67800 4212       3       sun.nio.cs.UTF_8$Decoder::decodeArrayLoop (691 bytes)
Event: 9.370 Thread 0x0000019e1da67800 nmethod 4212 0x0000019e0848db90 code [0x0000019e0848e540, 0x0000019e08494a28]
Event: 9.396 Thread 0x0000019e1da67800 4214       3       java.lang.Integer::reverseBytes (26 bytes)
Event: 9.396 Thread 0x0000019e1da67800 nmethod 4214 0x0000019e08496790 code [0x0000019e08496920, 0x0000019e08496a38]
Event: 9.397 Thread 0x0000019e1da67800 4216       3       sun.security.provider.SHA::implCompress0 (482 bytes)
Event: 9.398 Thread 0x0000019e1da67800 nmethod 4216 0x0000019e08496b10 code [0x0000019e08496d20, 0x0000019e084975d8]
Event: 9.399 Thread 0x0000019e1da67800 4217       3       sun.security.provider.SHA::implCompress (13 bytes)
Event: 9.399 Thread 0x0000019e1da67800 nmethod 4217 0x0000019e08497a90 code [0x0000019e08497c60, 0x0000019e08497f88]

GC Heap History (10 events):
Event: 2.483 GC heap before
{Heap before GC invocations=2 (full 0):
 garbage-first heap   total 131072K, used 50169K [0x0000000080000000, 0x0000000100000000)
  region size 1024K, 44 young (45056K), 1 survivors (1024K)
 Metaspace       used 16365K, capacity 16766K, committed 17024K, reserved 1064960K
  class space    used 1674K, capacity 1817K, committed 1920K, reserved 1048576K
}
Event: 2.498 GC heap after
{Heap after GC invocations=3 (full 0):
 garbage-first heap   total 131072K, used 8328K [0x0000000080000000, 0x0000000100000000)
  region size 1024K, 4 young (4096K), 4 survivors (4096K)
 Metaspace       used 16365K, capacity 16766K, committed 17024K, reserved 1064960K
  class space    used 1674K, capacity 1817K, committed 1920K, reserved 1048576K
}
Event: 3.314 GC heap before
{Heap before GC invocations=3 (full 0):
 garbage-first heap   total 131072K, used 37000K [0x0000000080000000, 0x0000000100000000)
  region size 1024K, 33 young (33792K), 4 survivors (4096K)
 Metaspace       used 20666K, capacity 21123K, committed 21248K, reserved 1069056K
  class space    used 2285K, capacity 2482K, committed 2560K, reserved 1048576K
}
Event: 3.325 GC heap after
{Heap after GC invocations=4 (full 0):
 garbage-first heap   total 131072K, used 9552K [0x0000000080000000, 0x0000000100000000)
  region size 1024K, 5 young (5120K), 5 survivors (5120K)
 Metaspace       used 20666K, capacity 21123K, committed 21248K, reserved 1069056K
  class space    used 2285K, capacity 2482K, committed 2560K, reserved 1048576K
}
Event: 4.218 GC heap before
{Heap before GC invocations=5 (full 0):
 garbage-first heap   total 131072K, used 56656K [0x0000000080000000, 0x0000000100000000)
  region size 1024K, 52 young (53248K), 5 survivors (5120K)
 Metaspace       used 27080K, capacity 27668K, committed 27904K, reserved 1073152K
  class space    used 3092K, capacity 3321K, committed 3328K, reserved 1048576K
}
Event: 4.235 GC heap after
{Heap after GC invocations=6 (full 0):
 garbage-first heap   total 157696K, used 11254K [0x0000000080000000, 0x0000000100000000)
  region size 1024K, 5 young (5120K), 5 survivors (5120K)
 Metaspace       used 27080K, capacity 27668K, committed 27904K, reserved 1073152K
  class space    used 3092K, capacity 3321K, committed 3328K, reserved 1048576K
}
Event: 5.934 GC heap before
{Heap before GC invocations=6 (full 0):
 garbage-first heap   total 157696K, used 92150K [0x0000000080000000, 0x0000000100000000)
  region size 1024K, 84 young (86016K), 5 survivors (5120K)
 Metaspace       used 31676K, capacity 32435K, committed 32768K, reserved 1077248K
  class space    used 3679K, capacity 3980K, committed 4096K, reserved 1048576K
}
Event: 5.957 GC heap after
{Heap after GC invocations=7 (full 0):
 garbage-first heap   total 157696K, used 14204K [0x0000000080000000, 0x0000000100000000)
  region size 1024K, 8 young (8192K), 8 survivors (8192K)
 Metaspace       used 31676K, capacity 32435K, committed 32768K, reserved 1077248K
  class space    used 3679K, capacity 3980K, committed 4096K, reserved 1048576K
}
Event: 7.182 GC heap before
{Heap before GC invocations=7 (full 0):
 garbage-first heap   total 157696K, used 57212K [0x0000000080000000, 0x0000000100000000)
  region size 1024K, 51 young (52224K), 8 survivors (8192K)
 Metaspace       used 35063K, capacity 35792K, committed 35840K, reserved 1081344K
  class space    used 4161K, capacity 4451K, committed 4480K, reserved 1048576K
}
Event: 7.208 GC heap after
{Heap after GC invocations=8 (full 0):
 garbage-first heap   total 157696K, used 15759K [0x0000000080000000, 0x0000000100000000)
  region size 1024K, 8 young (8192K), 8 survivors (8192K)
 Metaspace       used 35063K, capacity 35792K, committed 35840K, reserved 1081344K
  class space    used 4161K, capacity 4451K, committed 4480K, reserved 1048576K
}

Deoptimization events (10 events):
Event: 8.215 Thread 0x0000019e1fa08000 Uncommon trap: reason=bimorphic_or_optimized_type_check action=maybe_recompile pc=0x0000019e0f255268 method=java.util.Collections$SetFromMap.contains(Ljava/lang/Object;)Z @ 5 c2
Event: 8.218 Thread 0x0000019e1fa08000 Uncommon trap: reason=bimorphic_or_optimized_type_check action=maybe_recompile pc=0x0000019e0f255268 method=java.util.Collections$SetFromMap.contains(Ljava/lang/Object;)Z @ 5 c2
Event: 8.229 Thread 0x0000019e1fa08000 Uncommon trap: reason=null_check action=make_not_entrant pc=0x0000019e0f2069e0 method=org.springframework.util.ClassUtils.isAssignable(Ljava/lang/Class;Ljava/lang/Class;)Z @ 14 c2
Event: 8.308 Thread 0x0000019e1fa08000 Uncommon trap: reason=class_check action=maybe_recompile pc=0x0000019e0f25f78c method=java.io.BufferedInputStream.read([BII)I @ 101 c2
Event: 8.312 Thread 0x0000019e1fa08000 Uncommon trap: reason=class_check action=maybe_recompile pc=0x0000019e0f25f78c method=java.io.BufferedInputStream.read([BII)I @ 101 c2
Event: 9.169 Thread 0x0000019e1fa08000 Uncommon trap: reason=class_check action=maybe_recompile pc=0x0000019e0f25f78c method=java.io.BufferedInputStream.read([BII)I @ 101 c2
Event: 9.170 Thread 0x0000019e1fa08000 Uncommon trap: reason=class_check action=maybe_recompile pc=0x0000019e0f25f78c method=java.io.BufferedInputStream.read([BII)I @ 101 c2
Event: 9.221 Thread 0x0000019e1fa08000 Uncommon trap: reason=null_check action=make_not_entrant pc=0x0000019e0f286b54 method=org.springframework.core.annotation.AnnotationsScanner.getDeclaredAnnotations(Ljava/lang/reflect/AnnotatedElement;Z)[Ljava/lang/annotation/Annotation; @ 11 c2
Event: 9.350 Thread 0x0000019e1fa08000 Uncommon trap: reason=unstable_if action=reinterpret pc=0x0000019e0f175ffc method=java.util.LinkedHashMap.get(Ljava/lang/Object;)Ljava/lang/Object; @ 20 c2
Event: 9.380 Thread 0x0000019e1fa08000 Uncommon trap: reason=unstable_if action=reinterpret pc=0x0000019e0f1eeef0 method=sun.nio.fs.WindowsPathParser.normalize(Ljava/lang/StringBuilder;Ljava/lang/String;I)Ljava/lang/String; @ 100 c2

Classes redefined (0 events):
No events

Internal exceptions (10 events):
Event: 7.878 Thread 0x0000019e1fa08000 Exception <a 'java/lang/NoSuchMethodError'{0x00000000883c0850}: java.lang.invoke.DirectMethodHandle$Holder.invokeStatic(Ljava/lang/Object;Ljava/lang/Object;Ljava/lang/Object;ILjava/lang/Object;)Ljava/lang/Object;> (0x00000000883c0850) thrown at [./open/sr
Event: 7.879 Thread 0x0000019e1fa08000 Exception <a 'java/lang/NoSuchMethodError'{0x00000000883c7928}: java.lang.invoke.Invokers$Holder.linkToTargetMethod(Ljava/lang/Object;Ljava/lang/Object;ILjava/lang/Object;Ljava/lang/Object;)Ljava/lang/Object;> (0x00000000883c7928) thrown at [./open/src/ho
Event: 8.189 Thread 0x0000019e1fa08000 Implicit null exception at 0x0000019e0f26533f to 0x0000019e0f2655bc
Event: 8.229 Thread 0x0000019e1fa08000 Implicit null exception at 0x0000019e0f2067da to 0x0000019e0f2069cc
Event: 8.353 Thread 0x0000019e1fa08000 Exception <a 'java/lang/NoSuchMethodError'{0x000000008764abe0}: java.lang.invoke.DirectMethodHandle$Holder.invokeInterface(Ljava/lang/Object;Ljava/lang/Object;I)V> (0x000000008764abe0) thrown at [./open/src/hotspot/share/interpreter/linkResolver.cpp, line
Event: 8.365 Thread 0x0000019e1fa08000 Exception <a 'java/lang/NoSuchMethodError'{0x0000000087662f80}: java.lang.invoke.DirectMethodHandle$Holder.invokeVirtual(Ljava/lang/Object;Ljava/lang/Object;)I> (0x0000000087662f80) thrown at [./open/src/hotspot/share/interpreter/linkResolver.cpp, line 77
Event: 8.371 Thread 0x0000019e1fa08000 Exception <a 'java/lang/IncompatibleClassChangeError'{0x0000000087699538}: Found class java.lang.Object, but interface was expected> (0x0000000087699538) thrown at [./open/src/hotspot/share/interpreter/linkResolver.cpp, line 838]
Event: 8.372 Thread 0x0000019e1fa08000 Exception <a 'java/lang/NoSuchMethodError'{0x000000008769d970}: java.lang.invoke.DirectMethodHandle$Holder.invokeStatic(Ljava/lang/Object;ILjava/lang/Object;)V> (0x000000008769d970) thrown at [./open/src/hotspot/share/interpreter/linkResolver.cpp, line 77
Event: 9.221 Thread 0x0000019e1fa08000 Implicit null exception at 0x0000019e0f285d57 to 0x0000019e0f286b48
Event: 9.383 Thread 0x0000019e1fa08000 Exception <a 'java/lang/NoSuchMethodError'{0x000000008617d070}: java.lang.invoke.DirectMethodHandle$Holder.invokeStaticInit(Ljava/lang/Object;IIII)Ljava/lang/Object;> (0x000000008617d070) thrown at [./open/src/hotspot/share/interpreter/linkResolver.cpp, l

Events (10 events):
Event: 9.384 loading class sun/security/provider/AbstractDrbg$SeederHolder
Event: 9.384 loading class sun/security/provider/AbstractDrbg$SeederHolder done
Event: 9.384 loading class sun/security/provider/SeedGenerator
Event: 9.384 loading class sun/security/provider/SeedGenerator done
Event: 9.384 loading class sun/security/provider/NativeSeedGenerator
Event: 9.384 loading class sun/security/provider/NativeSeedGenerator done
Event: 9.395 loading class sun/security/provider/SHA
Event: 9.395 loading class sun/security/provider/SHA done
Event: 9.395 loading class sun/security/provider/SeedGenerator$1
Event: 9.395 loading class sun/security/provider/SeedGenerator$1 done


Dynamic libraries:
0x00007ff75f2a0000 - 0x00007ff75f2af000 	C:\Program Files\Java\jdk-11.0.15\bin\java.exe
0x00007ffcc34b0000 - 0x00007ffcc36a8000 	C:\Windows\SYSTEM32\ntdll.dll
0x00007ffcc3310000 - 0x00007ffcc33cd000 	C:\Windows\System32\KERNEL32.DLL
0x00007ffcc1240000 - 0x00007ffcc150e000 	C:\Windows\System32\KERNELBASE.dll
0x00007ffcc1140000 - 0x00007ffcc1240000 	C:\Windows\System32\ucrtbase.dll
0x00007ffcad2a0000 - 0x00007ffcad2b8000 	C:\Program Files\Java\jdk-11.0.15\bin\jli.dll
0x00007ffcc1e60000 - 0x00007ffcc1f0e000 	C:\Windows\System32\ADVAPI32.dll
0x00007ffcc2400000 - 0x00007ffcc249e000 	C:\Windows\System32\msvcrt.dll
0x00007ffcc33d0000 - 0x00007ffcc346c000 	C:\Windows\System32\sechost.dll
0x00007ffcc2b30000 - 0x00007ffcc2c55000 	C:\Windows\System32\RPCRT4.dll
0x00007ffcc24c0000 - 0x00007ffcc2660000 	C:\Windows\System32\USER32.dll
0x00007ffcc0f40000 - 0x00007ffcc0f62000 	C:\Windows\System32\win32u.dll
0x00007ffcc29c0000 - 0x00007ffcc29ea000 	C:\Windows\System32\GDI32.dll
0x00007ffcc1030000 - 0x00007ffcc113b000 	C:\Windows\System32\gdi32full.dll
0x00007ffcc0bd0000 - 0x00007ffcc0c6d000 	C:\Windows\System32\msvcp_win.dll
0x00007ffcab920000 - 0x00007ffcab935000 	C:\Program Files\Java\jdk-11.0.15\bin\VCRUNTIME140.dll
0x00007ffcab680000 - 0x00007ffcab91a000 	C:\Windows\WinSxS\amd64_microsoft.windows.common-controls_6595b64144ccf1df_6.0.19041.1110_none_60b5254171f9507e\COMCTL32.dll
0x00007ffcb9020000 - 0x00007ffcb902a000 	C:\Windows\SYSTEM32\VERSION.dll
0x00007ffcc1510000 - 0x00007ffcc1540000 	C:\Windows\System32\IMM32.DLL
0x00007ffcab5e0000 - 0x00007ffcab67b000 	C:\Program Files\Java\jdk-11.0.15\bin\msvcp140.dll
0x00007ffcaaac0000 - 0x00007ffcab5d6000 	C:\Program Files\Java\jdk-11.0.15\bin\server\jvm.dll
0x00007ffcc3080000 - 0x00007ffcc3088000 	C:\Windows\System32\PSAPI.DLL
0x00007ffcad290000 - 0x00007ffcad299000 	C:\Windows\SYSTEM32\WSOCK32.dll
0x00007ffcc2c60000 - 0x00007ffcc2ccb000 	C:\Windows\System32\WS2_32.dll
0x00007ffcb2190000 - 0x00007ffcb21b7000 	C:\Windows\SYSTEM32\WINMM.dll
0x00007ffcbeab0000 - 0x00007ffcbeac2000 	C:\Windows\SYSTEM32\kernel.appcore.dll
0x00007ffcacae0000 - 0x00007ffcacaf0000 	C:\Program Files\Java\jdk-11.0.15\bin\verify.dll
0x00007ffcb22f0000 - 0x00007ffcb24d4000 	C:\Windows\SYSTEM32\DBGHELP.DLL
0x00007ffcb1f50000 - 0x00007ffcb1f7c000 	C:\Windows\SYSTEM32\dbgcore.DLL
0x00007ffcc0fa0000 - 0x00007ffcc1022000 	C:\Windows\System32\bcryptPrimitives.dll
0x00007ffcacab0000 - 0x00007ffcacad8000 	C:\Program Files\Java\jdk-11.0.15\bin\java.dll
0x00007ffcacaa0000 - 0x00007ffcacaaa000 	C:\Program Files\Java\jdk-11.0.15\bin\jimage.dll
0x00007ffcac790000 - 0x00007ffcac79e000 	C:\Program Files\Java\jdk-11.0.15\bin\instrument.dll
0x00007ffcaca40000 - 0x00007ffcaca56000 	C:\Program Files\Java\jdk-11.0.15\bin\zip.dll
0x00007ffcc1660000 - 0x00007ffcc1da4000 	C:\Windows\System32\SHELL32.dll
0x00007ffcbecb0000 - 0x00007ffcbf444000 	C:\Windows\SYSTEM32\windows.storage.dll
0x00007ffcc2660000 - 0x00007ffcc29b4000 	C:\Windows\System32\combase.dll
0x00007ffcc0480000 - 0x00007ffcc04b0000 	C:\Windows\SYSTEM32\Wldp.dll
0x00007ffcc2fd0000 - 0x00007ffcc307d000 	C:\Windows\System32\SHCORE.dll
0x00007ffcc32b0000 - 0x00007ffcc3305000 	C:\Windows\System32\shlwapi.dll
0x00007ffcc0b10000 - 0x00007ffcc0b2f000 	C:\Windows\SYSTEM32\profapi.dll
0x00007ffcacd60000 - 0x00007ffcacd79000 	C:\Program Files\Java\jdk-11.0.15\bin\net.dll
0x00007ffcb8680000 - 0x00007ffcb878a000 	C:\Windows\SYSTEM32\WINHTTP.dll
0x00007ffcc0260000 - 0x00007ffcc02ca000 	C:\Windows\system32\mswsock.dll
0x00007ffcacd40000 - 0x00007ffcacd52000 	C:\Program Files\Java\jdk-11.0.15\bin\nio.dll
0x00007ffcac760000 - 0x00007ffcac77a000 	C:\Program Files\JetBrains\IntelliJ IDEA Community Edition 2022.2.1\bin\breakgen64.dll
0x00007ffcace50000 - 0x00007ffcace59000 	C:\Program Files\Java\jdk-11.0.15\bin\management.dll
0x00007ffcacaf0000 - 0x00007ffcacafb000 	C:\Program Files\Java\jdk-11.0.15\bin\management_ext.dll
0x00007ffcbff70000 - 0x00007ffcbffab000 	C:\Windows\SYSTEM32\IPHLPAPI.DLL
0x00007ffcc3290000 - 0x00007ffcc3298000 	C:\Windows\System32\NSI.dll
0x00007ffcb96a0000 - 0x00007ffcb96b7000 	C:\Windows\SYSTEM32\dhcpcsvc6.DLL
0x00007ffcb9670000 - 0x00007ffcb968d000 	C:\Windows\SYSTEM32\dhcpcsvc.DLL
0x00007ffcbffc0000 - 0x00007ffcc008a000 	C:\Windows\SYSTEM32\DNSAPI.dll
0x00007ffcb7e00000 - 0x00007ffcb7e0a000 	C:\Windows\System32\rasadhlp.dll
0x00007ffcb8890000 - 0x00007ffcb8910000 	C:\Windows\System32\fwpuclnt.dll
0x00007ffcc0f70000 - 0x00007ffcc0f97000 	C:\Windows\System32\bcrypt.dll
0x00007ffcaeac0000 - 0x00007ffcaead7000 	C:\Windows\system32\napinsp.dll
0x00007ffcaeaa0000 - 0x00007ffcaeabb000 	C:\Windows\system32\pnrpnsp.dll
0x00007ffcaea80000 - 0x00007ffcaea95000 	C:\Windows\system32\wshbth.dll
0x00007ffcbc590000 - 0x00007ffcbc5ad000 	C:\Windows\system32\NLAapi.dll
0x00007ffcaea60000 - 0x00007ffcaea72000 	C:\Windows\System32\winrnr.dll
0x00007ffcc04c0000 - 0x00007ffcc04d8000 	C:\Windows\SYSTEM32\CRYPTSP.dll
0x00007ffcbfc00000 - 0x00007ffcbfc34000 	C:\Windows\system32\rsaenh.dll
0x00007ffcc0ad0000 - 0x00007ffcc0afe000 	C:\Windows\SYSTEM32\USERENV.dll
0x00007ffcc03f0000 - 0x00007ffcc03fc000 	C:\Windows\SYSTEM32\CRYPTBASE.dll

dbghelp: loaded successfully - version: 4.0.5 - missing functions: none
symbol engine: initialized successfully - sym options: 0x614 - pdb path: .;C:\Program Files\Java\jdk-11.0.15\bin;C:\Windows\SYSTEM32;C:\Windows\WinSxS\amd64_microsoft.windows.common-controls_6595b64144ccf1df_6.0.19041.1110_none_60b5254171f9507e;C:\Program Files\Java\jdk-11.0.15\bin\server;C:\Program Files\JetBrains\IntelliJ IDEA Community Edition 2022.2.1\bin

VM Arguments:
jvm_args: -javaagent:C:\Program Files\JetBrains\IntelliJ IDEA Community Edition 2022.2.1\lib\idea_rt.jar=53126:C:\Program Files\JetBrains\IntelliJ IDEA Community Edition 2022.2.1\bin -Dfile.encoding=UTF-8 
java_command: com.training.microservices.currencyconversionservice.CurrencyConversionServiceApplication
java_class_path (initial): C:\Users\sfjbs\Downloads\microservices-main\microservices-main\currency-conversion-service\target\classes;C:\Users\sfjbs\.m2\repository\org\springframework\boot\spring-boot-starter-actuator\2.4.1\spring-boot-starter-actuator-2.4.1.jar;C:\Users\sfjbs\.m2\repository\org\springframework\boot\spring-boot-starter\2.4.1\spring-boot-starter-2.4.1.jar;C:\Users\sfjbs\.m2\repository\org\springframework\boot\spring-boot-starter-logging\2.4.1\spring-boot-starter-logging-2.4.1.jar;C:\Users\sfjbs\.m2\repository\ch\qos\logback\logback-classic\1.2.3\logback-classic-1.2.3.jar;C:\Users\sfjbs\.m2\repository\ch\qos\logback\logback-core\1.2.3\logback-core-1.2.3.jar;C:\Users\sfjbs\.m2\repository\org\apache\logging\log4j\log4j-to-slf4j\2.13.3\log4j-to-slf4j-2.13.3.jar;C:\Users\sfjbs\.m2\repository\org\apache\logging\log4j\log4j-api\2.13.3\log4j-api-2.13.3.jar;C:\Users\sfjbs\.m2\repository\org\slf4j\jul-to-slf4j\1.7.30\jul-to-slf4j-1.7.30.jar;C:\Users\sfjbs\.m2\repository\jakarta\annotation\jakarta.annotation-api\1.3.5\jakarta.annotation-api-1.3.5.jar;C:\Users\sfjbs\.m2\repository\org\yaml\snakeyaml\1.27\snakeyaml-1.27.jar;C:\Users\sfjbs\.m2\repository\org\springframework\boot\spring-boot-actuator-autoconfigure\2.4.1\spring-boot-actuator-autoconfigure-2.4.1.jar;C:\Users\sfjbs\.m2\repository\org\springframework\boot\spring-boot-actuator\2.4.1\spring-boot-actuator-2.4.1.jar;C:\Users\sfjbs\.m2\repository\com\fasterxml\jackson\datatype\jackson-datatype-jsr310\2.11.3\jackson-datatype-jsr310-2.11.3.jar;C:\Users\sfjbs\.m2\repository\io\micrometer\micrometer-core\1.6.2\micrometer-core-1.6.2.jar;C:\Users\sfjbs\.m2\repository\org\hdrhistogram\HdrHistogram\2.1.12\HdrHistogram-2.1.12.jar;C:\Users\sfjbs\.m2\repository\org\latencyutils\LatencyUtils\2.0.3\LatencyUtils-2.0.3.jar;C:\Users\sfjbs\.m2\repository\org\springframework\boot\spring-boot-starter-web\2.4.1\spring-boot-starter-web-2.4.1.jar;C:\Users\sfjbs\.m2\repository\org\springframework\boot\spring-boot-starter-json\2.
Launcher Type: SUN_STANDARD

[Global flags]
     intx CICompilerCount                          = 2                                         {product} {ergonomic}
     uint ConcGCThreads                            = 1                                         {product} {ergonomic}
     uint G1ConcRefinementThreads                  = 2                                         {product} {ergonomic}
   size_t G1HeapRegionSize                         = 1048576                                   {product} {ergonomic}
    uintx GCDrainStackTargetSize                   = 64                                        {product} {ergonomic}
   size_t InitialHeapSize                          = 134217728                                 {product} {ergonomic}
   size_t MarkStackSize                            = 4194304                                   {product} {ergonomic}
   size_t MaxHeapSize                              = 2147483648                                {product} {ergonomic}
   size_t MaxNewSize                               = 1287651328                                {product} {ergonomic}
   size_t MinHeapDeltaBytes                        = 1048576                                   {product} {ergonomic}
    uintx NonNMethodCodeHeapSize                   = 5825164                                {pd product} {ergonomic}
    uintx NonProfiledCodeHeapSize                  = 122916538                              {pd product} {ergonomic}
    uintx ProfiledCodeHeapSize                     = 122916538                              {pd product} {ergonomic}
    uintx ReservedCodeCacheSize                    = 251658240                              {pd product} {ergonomic}
     bool SegmentedCodeCache                       = true                                      {product} {ergonomic}
     bool UseCompressedClassPointers               = true                                 {lp64_product} {ergonomic}
     bool UseCompressedOops                        = true                                 {lp64_product} {ergonomic}
     bool UseG1GC                                  = true                                      {product} {ergonomic}
     bool UseLargePagesIndividualAllocation        = false                                  {pd product} {ergonomic}

Logging:
Log output configuration:
 #0: stdout all=warning uptime,level,tags
 #1: stderr all=off uptime,level,tags

Environment Variables:
PATH=C:\Program Files\Common Files\Oracle\Java\javapath;C:\Windows\system32;C:\Windows;C:\Windows\System32\Wbem;C:\Windows\System32\WindowsPowerShell\v1.0\;C:\Windows\System32\OpenSSH\;C:\Program Files\PuTTY\;C:\Program Files\Git\cmd;C:\Program Files\Docker\Docker\resources\bin;C:\ProgramData\DockerDesktop\version-bin;C:\Users\sfjbs\Downloads\apache-maven-3.8.6-bin\apache-maven-3.8.6\bin;C:\Users\sfjbs\Downloads\apache-maven-3.8.6-bin\apache-maven-3.8.6\lib;C:\Users\sfjbs\AppData\Local\Microsoft\WindowsApps;C:\Program Files\JetBrains\IntelliJ IDEA Community Edition 2022.2.1\bin;;C:\Users\sfjbs\Downloads\apache-maven-3.8.6-bin\apache-maven-3.8.6\bin;C:\Users\sfjbs\Downloads\apache-maven-3.8.6-bin\apache-maven-3.8.6\lib;
USERNAME=sfjbs
OS=Windows_NT
PROCESSOR_IDENTIFIER=Intel64 Family 6 Model 85 Stepping 7, GenuineIntel



---------------  S Y S T E M  ---------------

OS: Windows 10 , 64 bit Build 19041 (10.0.19041.1889)
Hyper-V role detected

CPU:total 2 (initial active 2) (1 cores per cpu, 2 threads per core) family 6 model 85 stepping 7 microcode 0xffffffff, cmov, cx8, fxsr, mmx, sse, sse2, sse3, ssse3, sse4.1, sse4.2, popcnt, avx, avx2, aes, clmul, erms, rtm, 3dnowpref, lzcnt, ht, tsc, bmi1, bmi2, adx, evex, fma

Memory: 4k page, system-wide physical 8190M (909M free)
TotalPageFile size 10238M (AvailPageFile size 7M)
current process WorkingSet (physical memory assigned to process): 245M, peak: 247M
current process commit charge ("private bytes"): 329M, peak: 331M

vm_info: Java HotSpot(TM) 64-Bit Server VM (11.0.15+8-LTS-149) for windows-amd64 JRE (11.0.15+8-LTS-149), built on Mar  9 2022 22:42:32 by "mach5one" with MS VC++ 15.9 (VS2017)

END.
