#
# There is insufficient memory for the Java Runtime Environment to continue.
# Native memory allocation (malloc) failed to allocate 2209616 bytes for Chunk::new
# Possible reasons:
#   The system is out of physical RAM or swap space
#   The process is running with CompressedOops enabled, and the Java Heap may be blocking the growth of the native heap
# Possible solutions:
#   Reduce memory load on the system
#   Increase physical memory or swap space
#   Check if swap backing store is full
#   Decrease Java heap size (-Xmx/-Xms)
#   Decrease number of Java threads
#   Decrease Java thread stack sizes (-Xss)
#   Set larger code cache with -XX:ReservedCodeCacheSize=
#   JVM is running with Unscaled Compressed Oops mode in which the Java heap is
#     placed in the first 4GB address space. The Java Heap base address is the
#     maximum limit for the native heap growth. Please use -XX:HeapBaseMinAddress
#     to set the Java Heap base and to place the Java Heap above 4GB virtual address.
# This output file may be truncated or incomplete.
#
#  Out of Memory Error (./open/src/hotspot/share/memory/arena.cpp:197), pid=11520, tid=8260
#
# JRE version: Java(TM) SE Runtime Environment 18.9 (11.0.15+8) (build 11.0.15+8-LTS-149)
# Java VM: Java HotSpot(TM) 64-Bit Server VM 18.9 (11.0.15+8-LTS-149, mixed mode, tiered, compressed oops, g1 gc, windows-amd64)
# No core dump will be written. Minidumps are not enabled by default on client versions of Windows
#

---------------  S U M M A R Y ------------

Command Line: -javaagent:C:\Program Files\JetBrains\IntelliJ IDEA Community Edition 2022.2.1\lib\idea_rt.jar=55733:C:\Program Files\JetBrains\IntelliJ IDEA Community Edition 2022.2.1\bin -Dfile.encoding=UTF-8 com.training.springeurekaclient.SpringEurekaClientApplication

Host: Intel(R) Xeon(R) Platinum 8272CL CPU @ 2.60GHz, 2 cores, 7G,  Windows 10 , 64 bit Build 19041 (10.0.19041.1889)
Time: Tue Sep  6 14:29:29 2022 Coordinated Universal Time elapsed time: 5.306733 seconds (0d 0h 0m 5s)

---------------  T H R E A D  ---------------

Current thread (0x000001a8c913d000):  JavaThread "C2 CompilerThread0" daemon [_thread_in_native, id=8260, stack(0x000000378c900000,0x000000378ca00000)]


Current CompileTask:
C2:   5306 2318   !   4       jdk.internal.loader.BuiltinClassLoader::loadClassOrNull (143 bytes)

Stack: [0x000000378c900000,0x000000378ca00000]
Native frames: (J=compiled Java code, j=interpreted, Vv=VM code, C=native code)
V  [jvm.dll+0x629d8a]
V  [jvm.dll+0x7638ff]
V  [jvm.dll+0x764fa9]
V  [jvm.dll+0x765633]
V  [jvm.dll+0x23d9c8]
V  [jvm.dll+0xb2a1c]
V  [jvm.dll+0xb2fdc]
V  [jvm.dll+0x341047]
V  [jvm.dll+0x30e9b3]
V  [jvm.dll+0x30dcfa]
V  [jvm.dll+0x1f8565]
V  [jvm.dll+0x1f774d]
V  [jvm.dll+0x177c51]
V  [jvm.dll+0x207026]
V  [jvm.dll+0x2051bb]
V  [jvm.dll+0x729820]
V  [jvm.dll+0x7223f4]
V  [jvm.dll+0x628c26]
C  [ucrtbase.dll+0x21bb2]
C  [KERNEL32.DLL+0x17034]
C  [ntdll.dll+0x52651]


---------------  P R O C E S S  ---------------

Threads class SMR info:
_java_thread_list=0x000001a8caf0e170, length=11, elements={
0x000001a8abcc5000, 0x000001a8c911d800, 0x000001a8c9127000, 0x000001a8c99b2800,
0x000001a8c913a000, 0x000001a8c913b000, 0x000001a8c913d000, 0x000001a8c99f1000,
0x000001a8c99f4000, 0x000001a8c90bb800, 0x000001a8c9d12000
}

Java Threads: ( => current thread )
  0x000001a8abcc5000 JavaThread "main" [_thread_in_native, id=10692, stack(0x000000378bd00000,0x000000378be00000)]
  0x000001a8c911d800 JavaThread "Reference Handler" daemon [_thread_blocked, id=4992, stack(0x000000378c400000,0x000000378c500000)]
  0x000001a8c9127000 JavaThread "Finalizer" daemon [_thread_blocked, id=14020, stack(0x000000378c500000,0x000000378c600000)]
  0x000001a8c99b2800 JavaThread "Signal Dispatcher" daemon [_thread_blocked, id=9052, stack(0x000000378c600000,0x000000378c700000)]
  0x000001a8c913a000 JavaThread "Attach Listener" daemon [_thread_blocked, id=14080, stack(0x000000378c700000,0x000000378c800000)]
  0x000001a8c913b000 JavaThread "Service Thread" daemon [_thread_blocked, id=7392, stack(0x000000378c800000,0x000000378c900000)]
=>0x000001a8c913d000 JavaThread "C2 CompilerThread0" daemon [_thread_in_native, id=8260, stack(0x000000378c900000,0x000000378ca00000)]
  0x000001a8c99f1000 JavaThread "C1 CompilerThread0" daemon [_thread_blocked, id=9724, stack(0x000000378ca00000,0x000000378cb00000)]
  0x000001a8c99f4000 JavaThread "Sweeper thread" daemon [_thread_blocked, id=12624, stack(0x000000378cb00000,0x000000378cc00000)]
  0x000001a8c90bb800 JavaThread "Common-Cleaner" daemon [_thread_blocked, id=9584, stack(0x000000378cc00000,0x000000378cd00000)]
  0x000001a8c9d12000 JavaThread "Monitor Ctrl-Break" daemon [_thread_in_native, id=428, stack(0x000000378cd00000,0x000000378ce00000)]

Other Threads:
  0x000001a8c911c000 VMThread "VM Thread" [stack: 0x000000378c300000,0x000000378c400000] [id=11168]
  0x000001a8c9dea800 WatcherThread [stack: 0x000000378ce00000,0x000000378cf00000] [id=13608]
  0x000001a8abcda000 GCTaskThread "GC Thread#0" [stack: 0x000000378be00000,0x000000378bf00000] [id=9592]
  0x000001a8c9c37000 GCTaskThread "GC Thread#1" [stack: 0x000000378cf00000,0x000000378d000000] [id=4112]
  0x000001a8abd0b000 ConcurrentGCThread "G1 Main Marker" [stack: 0x000000378bf00000,0x000000378c000000] [id=3892]
  0x000001a8abd0d800 ConcurrentGCThread "G1 Conc#0" [stack: 0x000000378c000000,0x000000378c100000] [id=2264]
  0x000001a8abd9a000 ConcurrentGCThread "G1 Refine#0" [stack: 0x000000378c100000,0x000000378c200000] [id=12248]
  0x000001a8abd9c800 ConcurrentGCThread "G1 Young RemSet Sampling" [stack: 0x000000378c200000,0x000000378c300000] [id=8952]

Threads with active compile tasks:
C2 CompilerThread0   5341 2318   !   4       jdk.internal.loader.BuiltinClassLoader::loadClassOrNull (143 bytes)

VM state:not at safepoint (normal execution)

VM Mutex/Monitor currently owned by a thread: None

Heap address: 0x0000000080000000, size: 2048 MB, Compressed Oops mode: 32-bit
Narrow klass base: 0x0000000000000000, Narrow klass shift: 3
Compressed class space size: 1073741824 Address: 0x0000000100000000

Heap:
 garbage-first heap   total 157696K, used 45662K [0x0000000080000000, 0x0000000100000000)
  region size 1024K, 42 young (43008K), 3 survivors (3072K)
 Metaspace       used 27146K, capacity 27784K, committed 28080K, reserved 1075200K
  class space    used 3036K, capacity 3286K, committed 3328K, reserved 1048576K
Heap Regions: E=young(eden), S=young(survivor), O=old, HS=humongous(starts), HC=humongous(continues), CS=collection set, F=free, A=archive, TAMS=top-at-mark-start (previous, next)
|   0|0x0000000080000000, 0x0000000080100000, 0x0000000080100000|100%| O|  |TAMS 0x0000000080100000, 0x0000000080000000| Untracked 
|   1|0x0000000080100000, 0x0000000080200000, 0x0000000080200000|100%| O|  |TAMS 0x0000000080200000, 0x0000000080100000| Untracked 
|   2|0x0000000080200000, 0x0000000080300000, 0x0000000080300000|100%| O|  |TAMS 0x0000000080300000, 0x0000000080200000| Untracked 
|   3|0x0000000080300000, 0x0000000080400000, 0x0000000080400000|100%| O|  |TAMS 0x0000000080400000, 0x0000000080300000| Untracked 
|   4|0x0000000080400000, 0x0000000080500000, 0x0000000080500000|100%| O|  |TAMS 0x0000000080500000, 0x0000000080400000| Untracked 
|   5|0x0000000080500000, 0x0000000080554200, 0x0000000080600000| 32%| O|  |TAMS 0x0000000080554200, 0x0000000080500000| Untracked 
|   6|0x0000000080600000, 0x0000000080600000, 0x0000000080700000|  0%| F|  |TAMS 0x0000000080600000, 0x0000000080600000| Untracked 
|   7|0x0000000080700000, 0x0000000080700000, 0x0000000080800000|  0%| F|  |TAMS 0x0000000080700000, 0x0000000080700000| Untracked 
|   8|0x0000000080800000, 0x0000000080800000, 0x0000000080900000|  0%| F|  |TAMS 0x0000000080800000, 0x0000000080800000| Untracked 
|   9|0x0000000080900000, 0x0000000080900000, 0x0000000080a00000|  0%| F|  |TAMS 0x0000000080900000, 0x0000000080900000| Untracked 
|  10|0x0000000080a00000, 0x0000000080a00000, 0x0000000080b00000|  0%| F|  |TAMS 0x0000000080a00000, 0x0000000080a00000| Untracked 
|  11|0x0000000080b00000, 0x0000000080b00000, 0x0000000080c00000|  0%| F|  |TAMS 0x0000000080b00000, 0x0000000080b00000| Untracked 
|  12|0x0000000080c00000, 0x0000000080c00000, 0x0000000080d00000|  0%| F|  |TAMS 0x0000000080c00000, 0x0000000080c00000| Untracked 
|  13|0x0000000080d00000, 0x0000000080d00000, 0x0000000080e00000|  0%| F|  |TAMS 0x0000000080d00000, 0x0000000080d00000| Untracked 
|  14|0x0000000080e00000, 0x0000000080e00000, 0x0000000080f00000|  0%| F|  |TAMS 0x0000000080e00000, 0x0000000080e00000| Untracked 
|  15|0x0000000080f00000, 0x0000000080f00000, 0x0000000081000000|  0%| F|  |TAMS 0x0000000080f00000, 0x0000000080f00000| Untracked 
|  16|0x0000000081000000, 0x0000000081000000, 0x0000000081100000|  0%| F|  |TAMS 0x0000000081000000, 0x0000000081000000| Untracked 
|  17|0x0000000081100000, 0x0000000081100000, 0x0000000081200000|  0%| F|  |TAMS 0x0000000081100000, 0x0000000081100000| Untracked 
|  18|0x0000000081200000, 0x0000000081200000, 0x0000000081300000|  0%| F|  |TAMS 0x0000000081200000, 0x0000000081200000| Untracked 
|  19|0x0000000081300000, 0x0000000081300000, 0x0000000081400000|  0%| F|  |TAMS 0x0000000081300000, 0x0000000081300000| Untracked 
|  20|0x0000000081400000, 0x0000000081400000, 0x0000000081500000|  0%| F|  |TAMS 0x0000000081400000, 0x0000000081400000| Untracked 
|  21|0x0000000081500000, 0x0000000081500000, 0x0000000081600000|  0%| F|  |TAMS 0x0000000081500000, 0x0000000081500000| Untracked 
|  22|0x0000000081600000, 0x0000000081600000, 0x0000000081700000|  0%| F|  |TAMS 0x0000000081600000, 0x0000000081600000| Untracked 
|  23|0x0000000081700000, 0x0000000081700000, 0x0000000081800000|  0%| F|  |TAMS 0x0000000081700000, 0x0000000081700000| Untracked 
|  24|0x0000000081800000, 0x0000000081800000, 0x0000000081900000|  0%| F|  |TAMS 0x0000000081800000, 0x0000000081800000| Untracked 
|  25|0x0000000081900000, 0x0000000081900000, 0x0000000081a00000|  0%| F|  |TAMS 0x0000000081900000, 0x0000000081900000| Untracked 
|  26|0x0000000081a00000, 0x0000000081a00000, 0x0000000081b00000|  0%| F|  |TAMS 0x0000000081a00000, 0x0000000081a00000| Untracked 
|  27|0x0000000081b00000, 0x0000000081b00000, 0x0000000081c00000|  0%| F|  |TAMS 0x0000000081b00000, 0x0000000081b00000| Untracked 
|  28|0x0000000081c00000, 0x0000000081c00000, 0x0000000081d00000|  0%| F|  |TAMS 0x0000000081c00000, 0x0000000081c00000| Untracked 
|  29|0x0000000081d00000, 0x0000000081d00000, 0x0000000081e00000|  0%| F|  |TAMS 0x0000000081d00000, 0x0000000081d00000| Untracked 
|  30|0x0000000081e00000, 0x0000000081e00000, 0x0000000081f00000|  0%| F|  |TAMS 0x0000000081e00000, 0x0000000081e00000| Untracked 
|  31|0x0000000081f00000, 0x0000000081f00000, 0x0000000082000000|  0%| F|  |TAMS 0x0000000081f00000, 0x0000000081f00000| Untracked 
|  32|0x0000000082000000, 0x0000000082000000, 0x0000000082100000|  0%| F|  |TAMS 0x0000000082000000, 0x0000000082000000| Untracked 
|  33|0x0000000082100000, 0x0000000082100000, 0x0000000082200000|  0%| F|  |TAMS 0x0000000082100000, 0x0000000082100000| Untracked 
|  34|0x0000000082200000, 0x0000000082200000, 0x0000000082300000|  0%| F|  |TAMS 0x0000000082200000, 0x0000000082200000| Untracked 
|  35|0x0000000082300000, 0x0000000082300000, 0x0000000082400000|  0%| F|  |TAMS 0x0000000082300000, 0x0000000082300000| Untracked 
|  36|0x0000000082400000, 0x0000000082400000, 0x0000000082500000|  0%| F|  |TAMS 0x0000000082400000, 0x0000000082400000| Untracked 
|  37|0x0000000082500000, 0x0000000082500000, 0x0000000082600000|  0%| F|  |TAMS 0x0000000082500000, 0x0000000082500000| Untracked 
|  38|0x0000000082600000, 0x0000000082600000, 0x0000000082700000|  0%| F|  |TAMS 0x0000000082600000, 0x0000000082600000| Untracked 
|  39|0x0000000082700000, 0x0000000082700000, 0x0000000082800000|  0%| F|  |TAMS 0x0000000082700000, 0x0000000082700000| Untracked 
|  40|0x0000000082800000, 0x0000000082800000, 0x0000000082900000|  0%| F|  |TAMS 0x0000000082800000, 0x0000000082800000| Untracked 
|  41|0x0000000082900000, 0x0000000082900000, 0x0000000082a00000|  0%| F|  |TAMS 0x0000000082900000, 0x0000000082900000| Untracked 
|  42|0x0000000082a00000, 0x0000000082a00000, 0x0000000082b00000|  0%| F|  |TAMS 0x0000000082a00000, 0x0000000082a00000| Untracked 
|  43|0x0000000082b00000, 0x0000000082b00000, 0x0000000082c00000|  0%| F|  |TAMS 0x0000000082b00000, 0x0000000082b00000| Untracked 
|  44|0x0000000082c00000, 0x0000000082c00000, 0x0000000082d00000|  0%| F|  |TAMS 0x0000000082c00000, 0x0000000082c00000| Untracked 
|  45|0x0000000082d00000, 0x0000000082d00000, 0x0000000082e00000|  0%| F|  |TAMS 0x0000000082d00000, 0x0000000082d00000| Untracked 
|  46|0x0000000082e00000, 0x0000000082e00000, 0x0000000082f00000|  0%| F|  |TAMS 0x0000000082e00000, 0x0000000082e00000| Untracked 
|  47|0x0000000082f00000, 0x0000000082f00000, 0x0000000083000000|  0%| F|  |TAMS 0x0000000082f00000, 0x0000000082f00000| Untracked 
|  48|0x0000000083000000, 0x0000000083000000, 0x0000000083100000|  0%| F|  |TAMS 0x0000000083000000, 0x0000000083000000| Untracked 
|  49|0x0000000083100000, 0x0000000083100000, 0x0000000083200000|  0%| F|  |TAMS 0x0000000083100000, 0x0000000083100000| Untracked 
|  50|0x0000000083200000, 0x0000000083200000, 0x0000000083300000|  0%| F|  |TAMS 0x0000000083200000, 0x0000000083200000| Untracked 
|  51|0x0000000083300000, 0x0000000083300000, 0x0000000083400000|  0%| F|  |TAMS 0x0000000083300000, 0x0000000083300000| Untracked 
|  52|0x0000000083400000, 0x0000000083400000, 0x0000000083500000|  0%| F|  |TAMS 0x0000000083400000, 0x0000000083400000| Untracked 
|  53|0x0000000083500000, 0x0000000083500000, 0x0000000083600000|  0%| F|  |TAMS 0x0000000083500000, 0x0000000083500000| Untracked 
|  54|0x0000000083600000, 0x0000000083600000, 0x0000000083700000|  0%| F|  |TAMS 0x0000000083600000, 0x0000000083600000| Untracked 
|  55|0x0000000083700000, 0x0000000083700000, 0x0000000083800000|  0%| F|  |TAMS 0x0000000083700000, 0x0000000083700000| Untracked 
|  56|0x0000000083800000, 0x0000000083800000, 0x0000000083900000|  0%| F|  |TAMS 0x0000000083800000, 0x0000000083800000| Untracked 
|  57|0x0000000083900000, 0x0000000083900000, 0x0000000083a00000|  0%| F|  |TAMS 0x0000000083900000, 0x0000000083900000| Untracked 
|  58|0x0000000083a00000, 0x0000000083a00000, 0x0000000083b00000|  0%| F|  |TAMS 0x0000000083a00000, 0x0000000083a00000| Untracked 
|  59|0x0000000083b00000, 0x0000000083b00000, 0x0000000083c00000|  0%| F|  |TAMS 0x0000000083b00000, 0x0000000083b00000| Untracked 
|  60|0x0000000083c00000, 0x0000000083c00000, 0x0000000083d00000|  0%| F|  |TAMS 0x0000000083c00000, 0x0000000083c00000| Untracked 
|  61|0x0000000083d00000, 0x0000000083d00000, 0x0000000083e00000|  0%| F|  |TAMS 0x0000000083d00000, 0x0000000083d00000| Untracked 
|  62|0x0000000083e00000, 0x0000000083e00000, 0x0000000083f00000|  0%| F|  |TAMS 0x0000000083e00000, 0x0000000083e00000| Untracked 
|  63|0x0000000083f00000, 0x0000000083f00000, 0x0000000084000000|  0%| F|  |TAMS 0x0000000083f00000, 0x0000000083f00000| Untracked 
|  64|0x0000000084000000, 0x0000000084000000, 0x0000000084100000|  0%| F|  |TAMS 0x0000000084000000, 0x0000000084000000| Untracked 
|  65|0x0000000084100000, 0x0000000084100000, 0x0000000084200000|  0%| F|  |TAMS 0x0000000084100000, 0x0000000084100000| Untracked 
|  66|0x0000000084200000, 0x0000000084200000, 0x0000000084300000|  0%| F|  |TAMS 0x0000000084200000, 0x0000000084200000| Untracked 
|  67|0x0000000084300000, 0x0000000084300000, 0x0000000084400000|  0%| F|  |TAMS 0x0000000084300000, 0x0000000084300000| Untracked 
|  68|0x0000000084400000, 0x0000000084400000, 0x0000000084500000|  0%| F|  |TAMS 0x0000000084400000, 0x0000000084400000| Untracked 
|  69|0x0000000084500000, 0x0000000084500000, 0x0000000084600000|  0%| F|  |TAMS 0x0000000084500000, 0x0000000084500000| Untracked 
|  70|0x0000000084600000, 0x0000000084600000, 0x0000000084700000|  0%| F|  |TAMS 0x0000000084600000, 0x0000000084600000| Untracked 
|  71|0x0000000084700000, 0x0000000084700000, 0x0000000084800000|  0%| F|  |TAMS 0x0000000084700000, 0x0000000084700000| Untracked 
|  72|0x0000000084800000, 0x0000000084800000, 0x0000000084900000|  0%| F|  |TAMS 0x0000000084800000, 0x0000000084800000| Untracked 
|  73|0x0000000084900000, 0x0000000084900000, 0x0000000084a00000|  0%| F|  |TAMS 0x0000000084900000, 0x0000000084900000| Untracked 
|  74|0x0000000084a00000, 0x0000000084a00000, 0x0000000084b00000|  0%| F|  |TAMS 0x0000000084a00000, 0x0000000084a00000| Untracked 
|  75|0x0000000084b00000, 0x0000000084b00000, 0x0000000084c00000|  0%| F|  |TAMS 0x0000000084b00000, 0x0000000084b00000| Untracked 
|  76|0x0000000084c00000, 0x0000000084c00000, 0x0000000084d00000|  0%| F|  |TAMS 0x0000000084c00000, 0x0000000084c00000| Untracked 
|  77|0x0000000084d00000, 0x0000000084d00000, 0x0000000084e00000|  0%| F|  |TAMS 0x0000000084d00000, 0x0000000084d00000| Untracked 
|  78|0x0000000084e00000, 0x0000000084e00000, 0x0000000084f00000|  0%| F|  |TAMS 0x0000000084e00000, 0x0000000084e00000| Untracked 
|  79|0x0000000084f00000, 0x0000000084f00000, 0x0000000085000000|  0%| F|  |TAMS 0x0000000084f00000, 0x0000000084f00000| Untracked 
|  80|0x0000000085000000, 0x0000000085000000, 0x0000000085100000|  0%| F|  |TAMS 0x0000000085000000, 0x0000000085000000| Untracked 
|  81|0x0000000085100000, 0x0000000085100000, 0x0000000085200000|  0%| F|  |TAMS 0x0000000085100000, 0x0000000085100000| Untracked 
|  82|0x0000000085200000, 0x0000000085200000, 0x0000000085300000|  0%| F|  |TAMS 0x0000000085200000, 0x0000000085200000| Untracked 
|  83|0x0000000085300000, 0x0000000085300000, 0x0000000085400000|  0%| F|  |TAMS 0x0000000085300000, 0x0000000085300000| Untracked 
|  84|0x0000000085400000, 0x0000000085400000, 0x0000000085500000|  0%| F|  |TAMS 0x0000000085400000, 0x0000000085400000| Untracked 
|  85|0x0000000085500000, 0x0000000085500000, 0x0000000085600000|  0%| F|  |TAMS 0x0000000085500000, 0x0000000085500000| Untracked 
|  86|0x0000000085600000, 0x0000000085600000, 0x0000000085700000|  0%| F|  |TAMS 0x0000000085600000, 0x0000000085600000| Untracked 
|  87|0x0000000085700000, 0x0000000085700000, 0x0000000085800000|  0%| F|  |TAMS 0x0000000085700000, 0x0000000085700000| Untracked 
|  88|0x0000000085800000, 0x0000000085800000, 0x0000000085900000|  0%| F|  |TAMS 0x0000000085800000, 0x0000000085800000| Untracked 
|  89|0x0000000085900000, 0x0000000085900000, 0x0000000085a00000|  0%| F|  |TAMS 0x0000000085900000, 0x0000000085900000| Untracked 
|  90|0x0000000085a00000, 0x0000000085a00000, 0x0000000085b00000|  0%| F|  |TAMS 0x0000000085a00000, 0x0000000085a00000| Untracked 
|  91|0x0000000085b00000, 0x0000000085b00000, 0x0000000085c00000|  0%| F|  |TAMS 0x0000000085b00000, 0x0000000085b00000| Untracked 
|  92|0x0000000085c00000, 0x0000000085c00000, 0x0000000085d00000|  0%| F|  |TAMS 0x0000000085c00000, 0x0000000085c00000| Untracked 
|  93|0x0000000085d00000, 0x0000000085d00000, 0x0000000085e00000|  0%| F|  |TAMS 0x0000000085d00000, 0x0000000085d00000| Untracked 
|  94|0x0000000085e00000, 0x0000000085e00000, 0x0000000085f00000|  0%| F|  |TAMS 0x0000000085e00000, 0x0000000085e00000| Untracked 
|  95|0x0000000085f00000, 0x0000000085f00000, 0x0000000086000000|  0%| F|  |TAMS 0x0000000085f00000, 0x0000000085f00000| Untracked 
|  96|0x0000000086000000, 0x0000000086000000, 0x0000000086100000|  0%| F|  |TAMS 0x0000000086000000, 0x0000000086000000| Untracked 
|  97|0x0000000086100000, 0x0000000086100000, 0x0000000086200000|  0%| F|  |TAMS 0x0000000086100000, 0x0000000086100000| Untracked 
|  98|0x0000000086200000, 0x0000000086200000, 0x0000000086300000|  0%| F|  |TAMS 0x0000000086200000, 0x0000000086200000| Untracked 
|  99|0x0000000086300000, 0x0000000086300000, 0x0000000086400000|  0%| F|  |TAMS 0x0000000086300000, 0x0000000086300000| Untracked 
| 100|0x0000000086400000, 0x0000000086400000, 0x0000000086500000|  0%| F|  |TAMS 0x0000000086400000, 0x0000000086400000| Untracked 
| 101|0x0000000086500000, 0x0000000086500000, 0x0000000086600000|  0%| F|  |TAMS 0x0000000086500000, 0x0000000086500000| Untracked 
| 102|0x0000000086600000, 0x0000000086600000, 0x0000000086700000|  0%| F|  |TAMS 0x0000000086600000, 0x0000000086600000| Untracked 
| 103|0x0000000086700000, 0x00000000867439a0, 0x0000000086800000| 26%| S|CS|TAMS 0x0000000086700000, 0x0000000086700000| Complete 
| 104|0x0000000086800000, 0x0000000086900000, 0x0000000086900000|100%| S|CS|TAMS 0x0000000086800000, 0x0000000086800000| Complete 
| 105|0x0000000086900000, 0x0000000086a00000, 0x0000000086a00000|100%| S|CS|TAMS 0x0000000086900000, 0x0000000086900000| Complete 
| 106|0x0000000086a00000, 0x0000000086a00000, 0x0000000086b00000|  0%| F|  |TAMS 0x0000000086a00000, 0x0000000086a00000| Untracked 
| 107|0x0000000086b00000, 0x0000000086b00000, 0x0000000086c00000|  0%| F|  |TAMS 0x0000000086b00000, 0x0000000086b00000| Untracked 
| 108|0x0000000086c00000, 0x0000000086c00000, 0x0000000086d00000|  0%| F|  |TAMS 0x0000000086c00000, 0x0000000086c00000| Untracked 
| 109|0x0000000086d00000, 0x0000000086d00000, 0x0000000086e00000|  0%| F|  |TAMS 0x0000000086d00000, 0x0000000086d00000| Untracked 
| 110|0x0000000086e00000, 0x0000000086e00000, 0x0000000086f00000|  0%| F|  |TAMS 0x0000000086e00000, 0x0000000086e00000| Untracked 
| 111|0x0000000086f00000, 0x0000000086f00000, 0x0000000087000000|  0%| F|  |TAMS 0x0000000086f00000, 0x0000000086f00000| Untracked 
| 112|0x0000000087000000, 0x0000000087000000, 0x0000000087100000|  0%| F|  |TAMS 0x0000000087000000, 0x0000000087000000| Untracked 
| 113|0x0000000087100000, 0x0000000087100000, 0x0000000087200000|  0%| F|  |TAMS 0x0000000087100000, 0x0000000087100000| Untracked 
| 114|0x0000000087200000, 0x0000000087200000, 0x0000000087300000|  0%| F|  |TAMS 0x0000000087200000, 0x0000000087200000| Untracked 
| 115|0x0000000087300000, 0x00000000873da590, 0x0000000087400000| 85%| E|  |TAMS 0x0000000087300000, 0x0000000087300000| Complete 
| 116|0x0000000087400000, 0x0000000087500000, 0x0000000087500000|100%| E|CS|TAMS 0x0000000087400000, 0x0000000087400000| Complete 
| 117|0x0000000087500000, 0x0000000087600000, 0x0000000087600000|100%| E|CS|TAMS 0x0000000087500000, 0x0000000087500000| Complete 
| 118|0x0000000087600000, 0x0000000087700000, 0x0000000087700000|100%| E|CS|TAMS 0x0000000087600000, 0x0000000087600000| Complete 
| 119|0x0000000087700000, 0x0000000087800000, 0x0000000087800000|100%| E|CS|TAMS 0x0000000087700000, 0x0000000087700000| Complete 
| 120|0x0000000087800000, 0x0000000087900000, 0x0000000087900000|100%| E|CS|TAMS 0x0000000087800000, 0x0000000087800000| Complete 
| 121|0x0000000087900000, 0x0000000087a00000, 0x0000000087a00000|100%| E|CS|TAMS 0x0000000087900000, 0x0000000087900000| Complete 
| 122|0x0000000087a00000, 0x0000000087b00000, 0x0000000087b00000|100%| E|CS|TAMS 0x0000000087a00000, 0x0000000087a00000| Complete 
| 123|0x0000000087b00000, 0x0000000087c00000, 0x0000000087c00000|100%| E|CS|TAMS 0x0000000087b00000, 0x0000000087b00000| Complete 
| 124|0x0000000087c00000, 0x0000000087d00000, 0x0000000087d00000|100%| E|CS|TAMS 0x0000000087c00000, 0x0000000087c00000| Complete 
| 125|0x0000000087d00000, 0x0000000087e00000, 0x0000000087e00000|100%| E|CS|TAMS 0x0000000087d00000, 0x0000000087d00000| Complete 
| 126|0x0000000087e00000, 0x0000000087f00000, 0x0000000087f00000|100%| E|CS|TAMS 0x0000000087e00000, 0x0000000087e00000| Complete 
| 127|0x0000000087f00000, 0x0000000088000000, 0x0000000088000000|100%| E|CS|TAMS 0x0000000087f00000, 0x0000000087f00000| Complete 
| 128|0x0000000088000000, 0x0000000088100000, 0x0000000088100000|100%| E|CS|TAMS 0x0000000088000000, 0x0000000088000000| Complete 
| 129|0x0000000088100000, 0x0000000088200000, 0x0000000088200000|100%| E|CS|TAMS 0x0000000088100000, 0x0000000088100000| Complete 
| 130|0x0000000088200000, 0x0000000088300000, 0x0000000088300000|100%| E|CS|TAMS 0x0000000088200000, 0x0000000088200000| Complete 
| 131|0x0000000088300000, 0x0000000088400000, 0x0000000088400000|100%| E|CS|TAMS 0x0000000088300000, 0x0000000088300000| Complete 
| 132|0x0000000088400000, 0x0000000088500000, 0x0000000088500000|100%| E|CS|TAMS 0x0000000088400000, 0x0000000088400000| Complete 
| 133|0x0000000088500000, 0x0000000088600000, 0x0000000088600000|100%| E|CS|TAMS 0x0000000088500000, 0x0000000088500000| Complete 
| 134|0x0000000088600000, 0x0000000088700000, 0x0000000088700000|100%| E|CS|TAMS 0x0000000088600000, 0x0000000088600000| Complete 
| 135|0x0000000088700000, 0x0000000088800000, 0x0000000088800000|100%| E|CS|TAMS 0x0000000088700000, 0x0000000088700000| Complete 
| 136|0x0000000088800000, 0x0000000088900000, 0x0000000088900000|100%| E|CS|TAMS 0x0000000088800000, 0x0000000088800000| Complete 
| 137|0x0000000088900000, 0x0000000088a00000, 0x0000000088a00000|100%| E|CS|TAMS 0x0000000088900000, 0x0000000088900000| Complete 
| 138|0x0000000088a00000, 0x0000000088b00000, 0x0000000088b00000|100%| E|CS|TAMS 0x0000000088a00000, 0x0000000088a00000| Complete 
| 139|0x0000000088b00000, 0x0000000088c00000, 0x0000000088c00000|100%| E|CS|TAMS 0x0000000088b00000, 0x0000000088b00000| Complete 
| 140|0x0000000088c00000, 0x0000000088d00000, 0x0000000088d00000|100%| E|CS|TAMS 0x0000000088c00000, 0x0000000088c00000| Complete 
| 141|0x0000000088d00000, 0x0000000088e00000, 0x0000000088e00000|100%| E|CS|TAMS 0x0000000088d00000, 0x0000000088d00000| Complete 
| 142|0x0000000088e00000, 0x0000000088f00000, 0x0000000088f00000|100%| E|CS|TAMS 0x0000000088e00000, 0x0000000088e00000| Complete 
| 143|0x0000000088f00000, 0x0000000089000000, 0x0000000089000000|100%| E|CS|TAMS 0x0000000088f00000, 0x0000000088f00000| Complete 
| 144|0x0000000089000000, 0x0000000089100000, 0x0000000089100000|100%| E|CS|TAMS 0x0000000089000000, 0x0000000089000000| Complete 
| 145|0x0000000089100000, 0x0000000089200000, 0x0000000089200000|100%| E|CS|TAMS 0x0000000089100000, 0x0000000089100000| Complete 
| 146|0x0000000089200000, 0x0000000089300000, 0x0000000089300000|100%| E|CS|TAMS 0x0000000089200000, 0x0000000089200000| Complete 
| 147|0x0000000089300000, 0x0000000089400000, 0x0000000089400000|100%| E|CS|TAMS 0x0000000089300000, 0x0000000089300000| Complete 
| 148|0x0000000089400000, 0x0000000089500000, 0x0000000089500000|100%| E|CS|TAMS 0x0000000089400000, 0x0000000089400000| Complete 
| 149|0x0000000089500000, 0x0000000089600000, 0x0000000089600000|100%| E|CS|TAMS 0x0000000089500000, 0x0000000089500000| Complete 
| 150|0x0000000089600000, 0x0000000089700000, 0x0000000089700000|100%| E|CS|TAMS 0x0000000089600000, 0x0000000089600000| Complete 
| 151|0x0000000089700000, 0x0000000089800000, 0x0000000089800000|100%| E|CS|TAMS 0x0000000089700000, 0x0000000089700000| Complete 
| 152|0x0000000089800000, 0x0000000089900000, 0x0000000089900000|100%| E|CS|TAMS 0x0000000089800000, 0x0000000089800000| Complete 
| 153|0x0000000089900000, 0x0000000089a00000, 0x0000000089a00000|100%| E|  |TAMS 0x0000000089900000, 0x0000000089900000| Complete 

Card table byte_map: [0x000001a8c2770000,0x000001a8c2b70000] _byte_map_base: 0x000001a8c2370000

Marking Bits (Prev, Next): (CMBitMap*) 0x000001a8abd02230, (CMBitMap*) 0x000001a8abd021f8
 Prev Bits: [0x000001a8c4f70000, 0x000001a8c6f70000)
 Next Bits: [0x000001a8c2f70000, 0x000001a8c4f70000)

Polling page: 0x000001a8ab4a0000

Metaspace:

Usage:
  Non-class:     23.92 MB capacity,    23.54 MB ( 98%) used,   317.23 KB (  1%) free+waste,    71.25 KB ( <1%) overhead. 
      Class:      3.21 MB capacity,     2.97 MB ( 92%) used,   213.57 KB (  6%) free+waste,    35.44 KB (  1%) overhead. 
       Both:     27.13 MB capacity,    26.51 MB ( 98%) used,   530.80 KB (  2%) free+waste,   106.69 KB ( <1%) overhead. 

Virtual space:
  Non-class space:       26.00 MB reserved,      24.17 MB ( 93%) committed 
      Class space:        1.00 GB reserved,       3.25 MB ( <1%) committed 
             Both:        1.03 GB reserved,      27.42 MB (  3%) committed 

Chunk freelists:
   Non-Class:  0 bytes
       Class:  1.25 KB
        Both:  1.25 KB

CodeHeap 'non-profiled nmethods': size=120064Kb used=894Kb max_used=894Kb free=119169Kb
 bounds [0x000001a8bae30000, 0x000001a8bb0a0000, 0x000001a8c2370000]
CodeHeap 'profiled nmethods': size=120000Kb used=5228Kb max_used=5228Kb free=114771Kb
 bounds [0x000001a8b3900000, 0x000001a8b3e20000, 0x000001a8bae30000]
CodeHeap 'non-nmethods': size=5696Kb used=1157Kb max_used=1175Kb free=4538Kb
 bounds [0x000001a8b3370000, 0x000001a8b35e0000, 0x000001a8b3900000]
 total_blobs=2961 nmethods=2485 adapters=387
 compilation: enabled
              stopped_count=0, restarted_count=0
 full_count=0

Compilation events (10 events):
Event: 5.295 Thread 0x000001a8c99f1000 2475       3       org.springframework.core.OrderComparator::getOrder (115 bytes)
Event: 5.296 Thread 0x000001a8c99f1000 nmethod 2475 0x000001a8b3e0d490 code [0x000001a8b3e0d6c0, 0x000001a8b3e0df98]
Event: 5.296 Thread 0x000001a8c99f1000 2476       3       org.springframework.core.OrderComparator::findOrder (24 bytes)
Event: 5.296 Thread 0x000001a8c99f1000 nmethod 2476 0x000001a8b3e0e290 code [0x000001a8b3e0e480, 0x000001a8b3e0eb28]
Event: 5.296 Thread 0x000001a8c99f1000 2477       3       org.springframework.core.annotation.AnnotationAwareOrderComparator::findOrder (135 bytes)
Event: 5.298 Thread 0x000001a8c99f1000 nmethod 2477 0x000001a8b3e0ed10 code [0x000001a8b3e0f0c0, 0x000001a8b3e10ff8]
Event: 5.298 Thread 0x000001a8c99f1000 2478       3       java.lang.Boolean::parseBoolean (7 bytes)
Event: 5.299 Thread 0x000001a8c99f1000 nmethod 2478 0x000001a8b3e11810 code [0x000001a8b3e119c0, 0x000001a8b3e11ae8]
Event: 5.302 Thread 0x000001a8c99f1000 2479   !   3       org.springframework.util.ConcurrentReferenceHashMap$Segment::clear (63 bytes)
Event: 5.302 Thread 0x000001a8c99f1000 nmethod 2479 0x000001a8b3e11b90 code [0x000001a8b3e11de0, 0x000001a8b3e12798]

GC Heap History (10 events):
Event: 0.621 GC heap before
{Heap before GC invocations=0 (full 0):
 garbage-first heap   total 131072K, used 6144K [0x0000000080000000, 0x0000000100000000)
  region size 1024K, 7 young (7168K), 0 survivors (0K)
 Metaspace       used 6186K, capacity 6251K, committed 6528K, reserved 1056768K
  class space    used 531K, capacity 570K, committed 640K, reserved 1048576K
}
Event: 0.632 GC heap after
{Heap after GC invocations=1 (full 0):
 garbage-first heap   total 131072K, used 4283K [0x0000000080000000, 0x0000000100000000)
  region size 1024K, 1 young (1024K), 1 survivors (1024K)
 Metaspace       used 6186K, capacity 6251K, committed 6528K, reserved 1056768K
  class space    used 531K, capacity 570K, committed 640K, reserved 1048576K
}
Event: 1.014 GC heap before
{Heap before GC invocations=1 (full 0):
 garbage-first heap   total 131072K, used 9403K [0x0000000080000000, 0x0000000100000000)
  region size 1024K, 6 young (6144K), 1 survivors (1024K)
 Metaspace       used 9099K, capacity 9198K, committed 9344K, reserved 1058816K
  class space    used 823K, capacity 871K, committed 896K, reserved 1048576K
}
Event: 1.020 GC heap after
{Heap after GC invocations=2 (full 0):
 garbage-first heap   total 131072K, used 5501K [0x0000000080000000, 0x0000000100000000)
  region size 1024K, 1 young (1024K), 1 survivors (1024K)
 Metaspace       used 9099K, capacity 9198K, committed 9344K, reserved 1058816K
  class space    used 823K, capacity 871K, committed 896K, reserved 1048576K
}
Event: 1.511 GC heap before
{Heap before GC invocations=2 (full 0):
 garbage-first heap   total 131072K, used 15741K [0x0000000080000000, 0x0000000100000000)
  region size 1024K, 11 young (11264K), 1 survivors (1024K)
 Metaspace       used 11983K, capacity 12170K, committed 12288K, reserved 1060864K
  class space    used 1180K, capacity 1272K, committed 1280K, reserved 1048576K
}
Event: 1.516 GC heap after
{Heap after GC invocations=3 (full 0):
 garbage-first heap   total 131072K, used 6198K [0x0000000080000000, 0x0000000100000000)
  region size 1024K, 2 young (2048K), 2 survivors (2048K)
 Metaspace       used 11983K, capacity 12170K, committed 12288K, reserved 1060864K
  class space    used 1180K, capacity 1272K, committed 1280K, reserved 1048576K
}
Event: 1.900 GC heap before
{Heap before GC invocations=3 (full 0):
 garbage-first heap   total 131072K, used 20534K [0x0000000080000000, 0x0000000100000000)
  region size 1024K, 17 young (17408K), 2 survivors (2048K)
 Metaspace       used 15933K, capacity 16238K, committed 16384K, reserved 1064960K
  class space    used 1587K, capacity 1698K, committed 1792K, reserved 1048576K
}
Event: 1.908 GC heap after
{Heap after GC invocations=4 (full 0):
 garbage-first heap   total 131072K, used 6890K [0x0000000080000000, 0x0000000100000000)
  region size 1024K, 2 young (2048K), 2 survivors (2048K)
 Metaspace       used 15933K, capacity 16238K, committed 16384K, reserved 1064960K
  class space    used 1587K, capacity 1698K, committed 1792K, reserved 1048576K
}
Event: 2.427 GC heap before
{Heap before GC invocations=4 (full 0):
 garbage-first heap   total 131072K, used 26346K [0x0000000080000000, 0x0000000100000000)
  region size 1024K, 22 young (22528K), 2 survivors (2048K)
 Metaspace       used 20839K, capacity 21221K, committed 21296K, reserved 1069056K
  class space    used 2240K, capacity 2396K, committed 2432K, reserved 1048576K
}
Event: 2.440 GC heap after
{Heap after GC invocations=5 (full 0):
 garbage-first heap   total 157696K, used 7774K [0x0000000080000000, 0x0000000100000000)
  region size 1024K, 3 young (3072K), 3 survivors (3072K)
 Metaspace       used 20839K, capacity 21221K, committed 21296K, reserved 1069056K
  class space    used 2240K, capacity 2396K, committed 2432K, reserved 1048576K
}

Deoptimization events (10 events):
Event: 2.779 Thread 0x000001a8ca8aa000 Uncommon trap: reason=unstable_if action=reinterpret pc=0x000001a8baec992c method=com.sun.org.apache.xerces.internal.impl.XMLEntityScanner.skipSpaces()Z @ 128 c2
Event: 3.082 Thread 0x000001a8abcc5000 Uncommon trap: reason=unstable_if action=reinterpret pc=0x000001a8bae7206c method=java.util.HashMap.getNode(ILjava/lang/Object;)Ljava/util/HashMap$Node; @ 129 c2
Event: 3.082 Thread 0x000001a8abcc5000 Uncommon trap: reason=unstable_if action=reinterpret pc=0x000001a8bae6ba14 method=java.util.HashMap.getNode(ILjava/lang/Object;)Ljava/util/HashMap$Node; @ 129 c2
Event: 3.264 Thread 0x000001a8abcc5000 Uncommon trap: reason=unstable_if action=reinterpret pc=0x000001a8bae55464 method=java.lang.String.startsWith(Ljava/lang/String;I)Z @ 1 c2
Event: 3.269 Thread 0x000001a8abcc5000 Uncommon trap: reason=unstable_if action=reinterpret pc=0x000001a8bae7cd6c method=java.util.concurrent.ConcurrentHashMap.get(Ljava/lang/Object;)Ljava/lang/Object; @ 76 c2
Event: 4.708 Thread 0x000001a8abcc5000 Uncommon trap: reason=bimorphic_or_optimized_type_check action=maybe_recompile pc=0x000001a8baeec624 method=java.util.HashMap.putVal(ILjava/lang/Object;Ljava/lang/Object;ZZ)Ljava/lang/Object; @ 91 c2
Event: 4.769 Thread 0x000001a8abcc5000 Uncommon trap: reason=bimorphic_or_optimized_type_check action=maybe_recompile pc=0x000001a8baeec624 method=java.util.HashMap.putVal(ILjava/lang/Object;Ljava/lang/Object;ZZ)Ljava/lang/Object; @ 91 c2
Event: 4.869 Thread 0x000001a8abcc5000 Uncommon trap: reason=bimorphic_or_optimized_type_check action=maybe_recompile pc=0x000001a8baeec624 method=java.util.HashMap.putVal(ILjava/lang/Object;Ljava/lang/Object;ZZ)Ljava/lang/Object; @ 91 c2
Event: 5.053 Thread 0x000001a8abcc5000 Uncommon trap: reason=bimorphic_or_optimized_type_check action=maybe_recompile pc=0x000001a8baeec624 method=java.util.HashMap.putVal(ILjava/lang/Object;Ljava/lang/Object;ZZ)Ljava/lang/Object; @ 91 c2
Event: 5.300 Thread 0x000001a8abcc5000 Uncommon trap: reason=unstable_if action=reinterpret pc=0x000001a8bae8c6d8 method=org.springframework.util.ConcurrentReferenceHashMap$Segment.clear()V @ 4 c2

Classes redefined (0 events):
No events

Internal exceptions (10 events):
Event: 3.282 Thread 0x000001a8abcc5000 Exception <a 'java/lang/ClassNotFoundException'{0x0000000088544f90}: org/springframework/core/OrderedCustomizer> (0x0000000088544f90) thrown at [./open/src/hotspot/share/classfile/systemDictionary.cpp, line 226]
Event: 3.283 Thread 0x000001a8abcc5000 Exception <a 'java/lang/ClassNotFoundException'{0x0000000088551508}: org/springframework/context/ResourceLoaderAwareCustomizer> (0x0000000088551508) thrown at [./open/src/hotspot/share/classfile/systemDictionary.cpp, line 226]
Event: 3.285 Thread 0x000001a8abcc5000 Exception <a 'java/lang/ClassNotFoundException'{0x000000008855d010}: org/springframework/beans/factory/AwareCustomizer> (0x000000008855d010) thrown at [./open/src/hotspot/share/classfile/systemDictionary.cpp, line 226]
Event: 3.285 Thread 0x000001a8abcc5000 Exception <a 'java/lang/ClassNotFoundException'{0x00000000885692d0}: org/springframework/beans/factory/BeanClassLoaderAwareCustomizer> (0x00000000885692d0) thrown at [./open/src/hotspot/share/classfile/systemDictionary.cpp, line 226]
Event: 3.383 Thread 0x000001a8abcc5000 Exception <a 'java/lang/ClassNotFoundException'{0x0000000088575038}: org/springframework/beans/factory/AwareCustomizer> (0x0000000088575038) thrown at [./open/src/hotspot/share/classfile/systemDictionary.cpp, line 226]
Event: 3.384 Thread 0x000001a8abcc5000 Exception <a 'java/lang/ClassNotFoundException'{0x00000000885804f8}: org/springframework/context/EnvironmentAwareCustomizer> (0x00000000885804f8) thrown at [./open/src/hotspot/share/classfile/systemDictionary.cpp, line 226]
Event: 3.385 Thread 0x000001a8abcc5000 Exception <a 'java/lang/ClassNotFoundException'{0x000000008858bf68}: org/springframework/beans/factory/AwareCustomizer> (0x000000008858bf68) thrown at [./open/src/hotspot/share/classfile/systemDictionary.cpp, line 226]
Event: 4.894 Thread 0x000001a8abcc5000 Exception <a 'java/lang/NoSuchMethodError'{0x0000000087d20bf8}: java.lang.invoke.DirectMethodHandle$Holder.invokeSpecial(Ljava/lang/Object;Ljava/lang/Object;Ljava/lang/Object;Ljava/lang/Object;Ljava/lang/Object;)I> (0x0000000087d20bf8) thrown at [./open/s
Event: 4.901 Thread 0x000001a8abcc5000 Exception <a 'java/lang/NoSuchMethodError'{0x0000000087d3aa98}: java.lang.invoke.DirectMethodHandle$Holder.invokeInterface(Ljava/lang/Object;Ljava/lang/Object;Ljava/lang/Object;Ljava/lang/Object;)V> (0x0000000087d3aa98) thrown at [./open/src/hotspot/share
Event: 5.135 Thread 0x000001a8abcc5000 Exception <a 'java/lang/NoSuchMethodError'{0x000000008763c200}: org.slf4j.impl.StaticMDCBinder.getSingleton()Lorg/slf4j/impl/StaticMDCBinder;> (0x000000008763c200) thrown at [./open/src/hotspot/share/interpreter/linkResolver.cpp, line 772]

Events (10 events):
Event: 5.299 loading class org/springframework/boot/autoconfigure/condition/ConditionEvaluationReport done
Event: 5.299 loading class org/springframework/boot/autoconfigure/condition/ConditionEvaluationReport$ConditionAndOutcomes
Event: 5.299 loading class org/springframework/boot/autoconfigure/condition/ConditionEvaluationReport$ConditionAndOutcomes done
Event: 5.300 Thread 0x000001a8abcc5000 Uncommon trap: trap_request=0xffffff4d fr.pc=0x000001a8bae8c6d8 relative=0x0000000000000058
Event: 5.300 Thread 0x000001a8abcc5000 DEOPT PACKING pc=0x000001a8bae8c6d8 sp=0x000000378bdfe3f0
Event: 5.300 Thread 0x000001a8abcc5000 DEOPT UNPACKING pc=0x000001a8b33783af sp=0x000000378bdfe380 mode 2
Event: 5.300 loading class org/springframework/context/support/LiveBeansView
Event: 5.300 loading class org/springframework/context/support/LiveBeansView done
Event: 5.301 loading class org/springframework/context/support/LiveBeansViewMBean
Event: 5.301 loading class org/springframework/context/support/LiveBeansViewMBean done


Dynamic libraries:
0x00007ff76c9e0000 - 0x00007ff76c9ef000 	C:\Program Files\Java\jdk-11.0.15\bin\java.exe
0x00007ffa49410000 - 0x00007ffa49608000 	C:\Windows\SYSTEM32\ntdll.dll
0x00007ffa48b30000 - 0x00007ffa48bed000 	C:\Windows\System32\KERNEL32.DLL
0x00007ffa46df0000 - 0x00007ffa470be000 	C:\Windows\System32\KERNELBASE.dll
0x00007ffa470c0000 - 0x00007ffa471c0000 	C:\Windows\System32\ucrtbase.dll
0x00007ffa33120000 - 0x00007ffa33135000 	C:\Program Files\Java\jdk-11.0.15\bin\VCRUNTIME140.dll
0x00007ffa33140000 - 0x00007ffa33158000 	C:\Program Files\Java\jdk-11.0.15\bin\jli.dll
0x00007ffa49080000 - 0x00007ffa4912e000 	C:\Windows\System32\ADVAPI32.dll
0x00007ffa48fe0000 - 0x00007ffa4907e000 	C:\Windows\System32\msvcrt.dll
0x00007ffa48290000 - 0x00007ffa4832c000 	C:\Windows\System32\sechost.dll
0x00007ffa47e70000 - 0x00007ffa47f95000 	C:\Windows\System32\RPCRT4.dll
0x00007ffa47850000 - 0x00007ffa479f0000 	C:\Windows\System32\USER32.dll
0x00007ffa46ce0000 - 0x00007ffa46d02000 	C:\Windows\System32\win32u.dll
0x00007ffa480c0000 - 0x00007ffa480ea000 	C:\Windows\System32\GDI32.dll
0x00007ffa471c0000 - 0x00007ffa472cb000 	C:\Windows\System32\gdi32full.dll
0x00007ffa32e80000 - 0x00007ffa3311a000 	C:\Windows\WinSxS\amd64_microsoft.windows.common-controls_6595b64144ccf1df_6.0.19041.1110_none_60b5254171f9507e\COMCTL32.dll
0x00007ffa473d0000 - 0x00007ffa4746d000 	C:\Windows\System32\msvcp_win.dll
0x00007ffa3eb90000 - 0x00007ffa3eb9a000 	C:\Windows\SYSTEM32\VERSION.dll
0x00007ffa48330000 - 0x00007ffa48360000 	C:\Windows\System32\IMM32.DLL
0x00007ffa32de0000 - 0x00007ffa32e7b000 	C:\Program Files\Java\jdk-11.0.15\bin\msvcp140.dll
0x00007ffa322c0000 - 0x00007ffa32dd6000 	C:\Program Files\Java\jdk-11.0.15\bin\server\jvm.dll
0x00007ffa479f0000 - 0x00007ffa479f8000 	C:\Windows\System32\PSAPI.DLL
0x00007ffa3c7f0000 - 0x00007ffa3c7f9000 	C:\Windows\SYSTEM32\WSOCK32.dll
0x00007ffa481c0000 - 0x00007ffa4822b000 	C:\Windows\System32\WS2_32.dll
0x00007ffa32290000 - 0x00007ffa322b7000 	C:\Windows\SYSTEM32\WINMM.dll
0x00007ffa44a10000 - 0x00007ffa44a22000 	C:\Windows\SYSTEM32\kernel.appcore.dll
0x00007ffa321a0000 - 0x00007ffa321b0000 	C:\Program Files\Java\jdk-11.0.15\bin\verify.dll
0x00007ffa356d0000 - 0x00007ffa358b4000 	C:\Windows\SYSTEM32\DBGHELP.DLL
0x00007ffa35c50000 - 0x00007ffa35c7c000 	C:\Windows\SYSTEM32\dbgcore.DLL
0x00007ffa472d0000 - 0x00007ffa47352000 	C:\Windows\System32\bcryptPrimitives.dll
0x00007ffa32170000 - 0x00007ffa32198000 	C:\Program Files\Java\jdk-11.0.15\bin\java.dll
0x00007ffa32160000 - 0x00007ffa3216a000 	C:\Program Files\Java\jdk-11.0.15\bin\jimage.dll
0x00007ffa42620000 - 0x00007ffa4262e000 	C:\Program Files\Java\jdk-11.0.15\bin\instrument.dll
0x00007ffa32140000 - 0x00007ffa32156000 	C:\Program Files\Java\jdk-11.0.15\bin\zip.dll
0x00007ffa48360000 - 0x00007ffa48aa4000 	C:\Windows\System32\SHELL32.dll
0x00007ffa44c10000 - 0x00007ffa453a4000 	C:\Windows\SYSTEM32\windows.storage.dll
0x00007ffa48bf0000 - 0x00007ffa48f44000 	C:\Windows\System32\combase.dll
0x00007ffa463e0000 - 0x00007ffa46410000 	C:\Windows\SYSTEM32\Wldp.dll
0x00007ffa47470000 - 0x00007ffa4751d000 	C:\Windows\System32\SHCORE.dll
0x00007ffa48230000 - 0x00007ffa48285000 	C:\Windows\System32\shlwapi.dll
0x00007ffa46a70000 - 0x00007ffa46a8f000 	C:\Windows\SYSTEM32\profapi.dll
0x00007ffa319f0000 - 0x00007ffa31a09000 	C:\Program Files\Java\jdk-11.0.15\bin\net.dll
0x00007ffa3e6c0000 - 0x00007ffa3e7ca000 	C:\Windows\SYSTEM32\WINHTTP.dll
0x00007ffa461c0000 - 0x00007ffa4622a000 	C:\Windows\system32\mswsock.dll
0x00007ffa319d0000 - 0x00007ffa319e2000 	C:\Program Files\Java\jdk-11.0.15\bin\nio.dll
0x00007ffa40e20000 - 0x00007ffa40e3a000 	C:\Program Files\JetBrains\IntelliJ IDEA Community Edition 2022.2.1\bin\breakgen64.dll
0x00007ffa45ed0000 - 0x00007ffa45f0b000 	C:\Windows\SYSTEM32\IPHLPAPI.DLL
0x00007ffa476e0000 - 0x00007ffa476e8000 	C:\Windows\System32\NSI.dll
0x00007ffa3f6a0000 - 0x00007ffa3f6b7000 	C:\Windows\SYSTEM32\dhcpcsvc6.DLL
0x00007ffa3f680000 - 0x00007ffa3f69d000 	C:\Windows\SYSTEM32\dhcpcsvc.DLL
0x00007ffa45f20000 - 0x00007ffa45fea000 	C:\Windows\SYSTEM32\DNSAPI.dll
0x00007ffa3ddf0000 - 0x00007ffa3ddfa000 	C:\Windows\System32\rasadhlp.dll
0x00007ffa3e5c0000 - 0x00007ffa3e640000 	C:\Windows\System32\fwpuclnt.dll
0x00007ffa46d10000 - 0x00007ffa46d37000 	C:\Windows\System32\bcrypt.dll
0x00007ffa31b80000 - 0x00007ffa31b89000 	C:\Program Files\Java\jdk-11.0.15\bin\management.dll
0x00007ffa30820000 - 0x00007ffa3082b000 	C:\Program Files\Java\jdk-11.0.15\bin\management_ext.dll
0x00007ffa2cad0000 - 0x00007ffa2cae7000 	C:\Windows\system32\napinsp.dll
0x00007ffa2cab0000 - 0x00007ffa2cacb000 	C:\Windows\system32\pnrpnsp.dll
0x00007ffa2ca90000 - 0x00007ffa2caa5000 	C:\Windows\system32\wshbth.dll
0x00007ffa424f0000 - 0x00007ffa4250d000 	C:\Windows\system32\NLAapi.dll
0x00007ffa2ca70000 - 0x00007ffa2ca82000 	C:\Windows\System32\winrnr.dll

dbghelp: loaded successfully - version: 4.0.5 - missing functions: none
symbol engine: initialized successfully - sym options: 0x614 - pdb path: .;C:\Program Files\Java\jdk-11.0.15\bin;C:\Windows\SYSTEM32;C:\Windows\WinSxS\amd64_microsoft.windows.common-controls_6595b64144ccf1df_6.0.19041.1110_none_60b5254171f9507e;C:\Program Files\Java\jdk-11.0.15\bin\server;C:\Program Files\JetBrains\IntelliJ IDEA Community Edition 2022.2.1\bin

VM Arguments:
jvm_args: -javaagent:C:\Program Files\JetBrains\IntelliJ IDEA Community Edition 2022.2.1\lib\idea_rt.jar=55733:C:\Program Files\JetBrains\IntelliJ IDEA Community Edition 2022.2.1\bin -Dfile.encoding=UTF-8 
java_command: com.training.springeurekaclient.SpringEurekaClientApplication
java_class_path (initial): C:\Users\sfjbs\Downloads\eureka-naming-server-main\spring-eureka-client\target\classes;C:\Users\sfjbs\.m2\repository\org\springframework\cloud\spring-cloud-starter-netflix-eureka-client\3.1.3\spring-cloud-starter-netflix-eureka-client-3.1.3.jar;C:\Users\sfjbs\.m2\repository\org\springframework\cloud\spring-cloud-starter\2.1.0.RELEASE\spring-cloud-starter-2.1.0.RELEASE.jar;C:\Users\sfjbs\.m2\repository\org\springframework\cloud\spring-cloud-context\2.1.0.RELEASE\spring-cloud-context-2.1.0.RELEASE.jar;C:\Users\sfjbs\.m2\repository\org\springframework\security\spring-security-crypto\5.1.5.RELEASE\spring-security-crypto-5.1.5.RELEASE.jar;C:\Users\sfjbs\.m2\repository\org\springframework\cloud\spring-cloud-commons\2.1.0.RELEASE\spring-cloud-commons-2.1.0.RELEASE.jar;C:\Users\sfjbs\.m2\repository\org\springframework\security\spring-security-rsa\1.0.7.RELEASE\spring-security-rsa-1.0.7.RELEASE.jar;C:\Users\sfjbs\.m2\repository\org\bouncycastle\bcpkix-jdk15on\1.60\bcpkix-jdk15on-1.60.jar;C:\Users\sfjbs\.m2\repository\org\bouncycastle\bcprov-jdk15on\1.60\bcprov-jdk15on-1.60.jar;C:\Users\sfjbs\.m2\repository\org\springframework\cloud\spring-cloud-netflix-eureka-client\2.1.0.RELEASE\spring-cloud-netflix-eureka-client-2.1.0.RELEASE.jar;C:\Users\sfjbs\.m2\repository\org\springframework\cloud\spring-cloud-netflix-hystrix\2.1.0.RELEASE\spring-cloud-netflix-hystrix-2.1.0.RELEASE.jar;C:\Users\sfjbs\.m2\repository\org\springframework\boot\spring-boot-starter-aop\2.1.4.RELEASE\spring-boot-starter-aop-2.1.4.RELEASE.jar;C:\Users\sfjbs\.m2\repository\org\aspectj\aspectjweaver\1.9.2\aspectjweaver-1.9.2.jar;C:\Users\sfjbs\.m2\repository\com\netflix\eureka\eureka-client\1.9.8\eureka-client-1.9.8.jar;C:\Users\sfjbs\.m2\repository\org\codehaus\jettison\jettison\1.3.7\jettison-1.3.7.jar;C:\Users\sfjbs\.m2\repository\stax\stax-api\1.0.1\stax-api-1.0.1.jar;C:\Users\sfjbs\.m2\repository\com\netflix\netflix-commons\netflix-eventbus\0.3.0\netflix-eventbus-0.3.0.jar;C:\Us
Launcher Type: SUN_STANDARD

[Global flags]
     intx CICompilerCount                          = 2                                         {product} {ergonomic}
     uint ConcGCThreads                            = 1                                         {product} {ergonomic}
     uint G1ConcRefinementThreads                  = 2                                         {product} {ergonomic}
   size_t G1HeapRegionSize                         = 1048576                                   {product} {ergonomic}
    uintx GCDrainStackTargetSize                   = 64                                        {product} {ergonomic}
   size_t InitialHeapSize                          = 134217728                                 {product} {ergonomic}
   size_t MarkStackSize                            = 4194304                                   {product} {ergonomic}
   size_t MaxHeapSize                              = 2147483648                                {product} {ergonomic}
   size_t MaxNewSize                               = 1287651328                                {product} {ergonomic}
   size_t MinHeapDeltaBytes                        = 1048576                                   {product} {ergonomic}
    uintx NonNMethodCodeHeapSize                   = 5825164                                {pd product} {ergonomic}
    uintx NonProfiledCodeHeapSize                  = 122916538                              {pd product} {ergonomic}
    uintx ProfiledCodeHeapSize                     = 122916538                              {pd product} {ergonomic}
    uintx ReservedCodeCacheSize                    = 251658240                              {pd product} {ergonomic}
     bool SegmentedCodeCache                       = true                                      {product} {ergonomic}
     bool UseCompressedClassPointers               = true                                 {lp64_product} {ergonomic}
     bool UseCompressedOops                        = true                                 {lp64_product} {ergonomic}
     bool UseG1GC                                  = true                                      {product} {ergonomic}
     bool UseLargePagesIndividualAllocation        = false                                  {pd product} {ergonomic}

Logging:
Log output configuration:
 #0: stdout all=warning uptime,level,tags
 #1: stderr all=off uptime,level,tags

Environment Variables:
PATH=C:\Program Files\Common Files\Oracle\Java\javapath;C:\Windows\system32;C:\Windows;C:\Windows\System32\Wbem;C:\Windows\System32\WindowsPowerShell\v1.0\;C:\Windows\System32\OpenSSH\;C:\Program Files\PuTTY\;C:\Program Files\Git\cmd;C:\Program Files\Docker\Docker\resources\bin;C:\ProgramData\DockerDesktop\version-bin;C:\Users\sfjbs\Downloads\apache-maven-3.8.6-bin\apache-maven-3.8.6\bin;C:\Users\sfjbs\Downloads\apache-maven-3.8.6-bin\apache-maven-3.8.6\lib;C:\Users\sfjbs\AppData\Local\Microsoft\WindowsApps;C:\Program Files\JetBrains\IntelliJ IDEA Community Edition 2022.2.1\bin;;C:\Users\sfjbs\Downloads\apache-maven-3.8.6-bin\apache-maven-3.8.6\bin;C:\Users\sfjbs\Downloads\apache-maven-3.8.6-bin\apache-maven-3.8.6\lib;
USERNAME=sfjbs
OS=Windows_NT
PROCESSOR_IDENTIFIER=Intel64 Family 6 Model 85 Stepping 7, GenuineIntel



---------------  S Y S T E M  ---------------

OS: Windows 10 , 64 bit Build 19041 (10.0.19041.1889)
Hyper-V role detected

CPU:total 2 (initial active 2) (1 cores per cpu, 2 threads per core) family 6 model 85 stepping 7 microcode 0xffffffff, cmov, cx8, fxsr, mmx, sse, sse2, sse3, ssse3, sse4.1, sse4.2, popcnt, avx, avx2, aes, clmul, erms, rtm, 3dnowpref, lzcnt, ht, tsc, bmi1, bmi2, adx, evex, fma

Memory: 4k page, system-wide physical 8190M (779M free)
TotalPageFile size 10238M (AvailPageFile size 5M)
current process WorkingSet (physical memory assigned to process): 148M, peak: 148M
current process commit charge ("private bytes"): 278M, peak: 280M

vm_info: Java HotSpot(TM) 64-Bit Server VM (11.0.15+8-LTS-149) for windows-amd64 JRE (11.0.15+8-LTS-149), built on Mar  9 2022 22:42:32 by "mach5one" with MS VC++ 15.9 (VS2017)

END.
