#
# There is insufficient memory for the Java Runtime Environment to continue.
# Native memory allocation (malloc) failed to allocate 2226256 bytes for Chunk::new
# Possible reasons:
#   The system is out of physical RAM or swap space
#   The process is running with CompressedOops enabled, and the Java Heap may be blocking the growth of the native heap
# Possible solutions:
#   Reduce memory load on the system
#   Increase physical memory or swap space
#   Check if swap backing store is full
#   Decrease Java heap size (-Xmx/-Xms)
#   Decrease number of Java threads
#   Decrease Java thread stack sizes (-Xss)
#   Set larger code cache with -XX:ReservedCodeCacheSize=
#   JVM is running with Unscaled Compressed Oops mode in which the Java heap is
#     placed in the first 4GB address space. The Java Heap base address is the
#     maximum limit for the native heap growth. Please use -XX:HeapBaseMinAddress
#     to set the Java Heap base and to place the Java Heap above 4GB virtual address.
# This output file may be truncated or incomplete.
#
#  Out of Memory Error (./open/src/hotspot/share/memory/arena.cpp:197), pid=14144, tid=7224
#
# JRE version: Java(TM) SE Runtime Environment 18.9 (11.0.15+8) (build 11.0.15+8-LTS-149)
# Java VM: Java HotSpot(TM) 64-Bit Server VM 18.9 (11.0.15+8-LTS-149, mixed mode, tiered, compressed oops, g1 gc, windows-amd64)
# No core dump will be written. Minidumps are not enabled by default on client versions of Windows
#

---------------  S U M M A R Y ------------

Command Line: -javaagent:C:\Program Files\JetBrains\IntelliJ IDEA Community Edition 2022.2.1\lib\idea_rt.jar=55743:C:\Program Files\JetBrains\IntelliJ IDEA Community Edition 2022.2.1\bin -Dfile.encoding=UTF-8 com.training.springeurekaclient.SpringEurekaClientApplication

Host: Intel(R) Xeon(R) Platinum 8272CL CPU @ 2.60GHz, 2 cores, 7G,  Windows 10 , 64 bit Build 19041 (10.0.19041.1889)
Time: Tue Sep  6 14:29:53 2022 Coordinated Universal Time elapsed time: 4.508779 seconds (0d 0h 0m 4s)

---------------  T H R E A D  ---------------

Current thread (0x0000016f46209000):  JavaThread "C2 CompilerThread0" daemon [_thread_in_native, id=7224, stack(0x0000002a0ca00000,0x0000002a0cb00000)]


Current CompileTask:
C2:   4508 2356   !   4       jdk.internal.loader.BuiltinClassLoader::loadClassOrNull (143 bytes)

Stack: [0x0000002a0ca00000,0x0000002a0cb00000]
Native frames: (J=compiled Java code, j=interpreted, Vv=VM code, C=native code)
V  [jvm.dll+0x629d8a]
V  [jvm.dll+0x7638ff]
V  [jvm.dll+0x764fa9]
V  [jvm.dll+0x765633]
V  [jvm.dll+0x23d9c8]
V  [jvm.dll+0xb2a1c]
V  [jvm.dll+0xb2fdc]
V  [jvm.dll+0x341047]
V  [jvm.dll+0x18cb19]
V  [jvm.dll+0x1f8672]
V  [jvm.dll+0x1f774d]
V  [jvm.dll+0x177c51]
V  [jvm.dll+0x207026]
V  [jvm.dll+0x2051bb]
V  [jvm.dll+0x729820]
V  [jvm.dll+0x7223f4]
V  [jvm.dll+0x628c26]
C  [ucrtbase.dll+0x21bb2]
C  [KERNEL32.DLL+0x17034]
C  [ntdll.dll+0x52651]


---------------  P R O C E S S  ---------------

Threads class SMR info:
_java_thread_list=0x0000016f481ea140, length=11, elements={
0x0000016f28d97800, 0x0000016f461fd800, 0x0000016f461f4800, 0x0000016f46a82800,
0x0000016f46206800, 0x0000016f46207000, 0x0000016f46209000, 0x0000016f46ab7000,
0x0000016f46ab8000, 0x0000016f46188800, 0x0000016f46d8b800
}

Java Threads: ( => current thread )
  0x0000016f28d97800 JavaThread "main" [_thread_in_vm, id=12380, stack(0x0000002a0be00000,0x0000002a0bf00000)]
  0x0000016f461fd800 JavaThread "Reference Handler" daemon [_thread_blocked, id=11340, stack(0x0000002a0c500000,0x0000002a0c600000)]
  0x0000016f461f4800 JavaThread "Finalizer" daemon [_thread_blocked, id=13968, stack(0x0000002a0c600000,0x0000002a0c700000)]
  0x0000016f46a82800 JavaThread "Signal Dispatcher" daemon [_thread_blocked, id=7832, stack(0x0000002a0c700000,0x0000002a0c800000)]
  0x0000016f46206800 JavaThread "Attach Listener" daemon [_thread_blocked, id=10316, stack(0x0000002a0c800000,0x0000002a0c900000)]
  0x0000016f46207000 JavaThread "Service Thread" daemon [_thread_blocked, id=11896, stack(0x0000002a0c900000,0x0000002a0ca00000)]
=>0x0000016f46209000 JavaThread "C2 CompilerThread0" daemon [_thread_in_native, id=7224, stack(0x0000002a0ca00000,0x0000002a0cb00000)]
  0x0000016f46ab7000 JavaThread "C1 CompilerThread0" daemon [_thread_blocked, id=13028, stack(0x0000002a0cb00000,0x0000002a0cc00000)]
  0x0000016f46ab8000 JavaThread "Sweeper thread" daemon [_thread_blocked, id=11084, stack(0x0000002a0cc00000,0x0000002a0cd00000)]
  0x0000016f46188800 JavaThread "Common-Cleaner" daemon [_thread_blocked, id=11952, stack(0x0000002a0cd00000,0x0000002a0ce00000)]
  0x0000016f46d8b800 JavaThread "Monitor Ctrl-Break" daemon [_thread_in_native, id=13676, stack(0x0000002a0ce00000,0x0000002a0cf00000)]

Other Threads:
  0x0000016f461e9800 VMThread "VM Thread" [stack: 0x0000002a0c400000,0x0000002a0c500000] [id=7628]
  0x0000016f46d8c800 WatcherThread [stack: 0x0000002a0cf00000,0x0000002a0d000000] [id=14324]
  0x0000016f28dad800 GCTaskThread "GC Thread#0" [stack: 0x0000002a0bf00000,0x0000002a0c000000] [id=8620]
  0x0000016f4712f800 GCTaskThread "GC Thread#1" [stack: 0x0000002a0d000000,0x0000002a0d100000] [id=7608]
  0x0000016f28ddc800 ConcurrentGCThread "G1 Main Marker" [stack: 0x0000002a0c000000,0x0000002a0c100000] [id=13204]
  0x0000016f28ddf000 ConcurrentGCThread "G1 Conc#0" [stack: 0x0000002a0c100000,0x0000002a0c200000] [id=5976]
  0x0000016f28e65800 ConcurrentGCThread "G1 Refine#0" [stack: 0x0000002a0c200000,0x0000002a0c300000] [id=9828]
  0x0000016f28e68000 ConcurrentGCThread "G1 Young RemSet Sampling" [stack: 0x0000002a0c300000,0x0000002a0c400000] [id=9624]

Threads with active compile tasks:
C2 CompilerThread0   4526 2356   !   4       jdk.internal.loader.BuiltinClassLoader::loadClassOrNull (143 bytes)

VM state:not at safepoint (normal execution)

VM Mutex/Monitor currently owned by a thread: None

Heap address: 0x0000000080000000, size: 2048 MB, Compressed Oops mode: 32-bit
Narrow klass base: 0x0000000000000000, Narrow klass shift: 3
Compressed class space size: 1073741824 Address: 0x0000000100000000

Heap:
 garbage-first heap   total 157696K, used 20665K [0x0000000080000000, 0x0000000100000000)
  region size 1024K, 16 young (16384K), 4 survivors (4096K)
 Metaspace       used 27583K, capacity 28215K, committed 28336K, reserved 1075200K
  class space    used 3079K, capacity 3323K, committed 3328K, reserved 1048576K
Heap Regions: E=young(eden), S=young(survivor), O=old, HS=humongous(starts), HC=humongous(continues), CS=collection set, F=free, A=archive, TAMS=top-at-mark-start (previous, next)
|   0|0x0000000080000000, 0x0000000080100000, 0x0000000080100000|100%| O|  |TAMS 0x0000000080100000, 0x0000000080000000| Untracked 
|   1|0x0000000080100000, 0x0000000080200000, 0x0000000080200000|100%| O|  |TAMS 0x0000000080200000, 0x0000000080100000| Untracked 
|   2|0x0000000080200000, 0x0000000080300000, 0x0000000080300000|100%| O|  |TAMS 0x0000000080300000, 0x0000000080200000| Untracked 
|   3|0x0000000080300000, 0x0000000080400000, 0x0000000080400000|100%| O|  |TAMS 0x0000000080400000, 0x0000000080300000| Untracked 
|   4|0x0000000080400000, 0x0000000080500000, 0x0000000080500000|100%| O|  |TAMS 0x0000000080500000, 0x0000000080400000| Untracked 
|   5|0x0000000080500000, 0x00000000805e0200, 0x0000000080600000| 87%| O|  |TAMS 0x00000000805e0200, 0x0000000080500000| Untracked 
|   6|0x0000000080600000, 0x0000000080600000, 0x0000000080700000|  0%| F|  |TAMS 0x0000000080600000, 0x0000000080600000| Untracked 
|   7|0x0000000080700000, 0x0000000080700000, 0x0000000080800000|  0%| F|  |TAMS 0x0000000080700000, 0x0000000080700000| Untracked 
|   8|0x0000000080800000, 0x0000000080800000, 0x0000000080900000|  0%| F|  |TAMS 0x0000000080800000, 0x0000000080800000| Untracked 
|   9|0x0000000080900000, 0x0000000080900000, 0x0000000080a00000|  0%| F|  |TAMS 0x0000000080900000, 0x0000000080900000| Untracked 
|  10|0x0000000080a00000, 0x0000000080a00000, 0x0000000080b00000|  0%| F|  |TAMS 0x0000000080a00000, 0x0000000080a00000| Untracked 
|  11|0x0000000080b00000, 0x0000000080b00000, 0x0000000080c00000|  0%| F|  |TAMS 0x0000000080b00000, 0x0000000080b00000| Untracked 
|  12|0x0000000080c00000, 0x0000000080c00000, 0x0000000080d00000|  0%| F|  |TAMS 0x0000000080c00000, 0x0000000080c00000| Untracked 
|  13|0x0000000080d00000, 0x0000000080d00000, 0x0000000080e00000|  0%| F|  |TAMS 0x0000000080d00000, 0x0000000080d00000| Untracked 
|  14|0x0000000080e00000, 0x0000000080e00000, 0x0000000080f00000|  0%| F|  |TAMS 0x0000000080e00000, 0x0000000080e00000| Untracked 
|  15|0x0000000080f00000, 0x0000000080f00000, 0x0000000081000000|  0%| F|  |TAMS 0x0000000080f00000, 0x0000000080f00000| Untracked 
|  16|0x0000000081000000, 0x0000000081000000, 0x0000000081100000|  0%| F|  |TAMS 0x0000000081000000, 0x0000000081000000| Untracked 
|  17|0x0000000081100000, 0x0000000081100000, 0x0000000081200000|  0%| F|  |TAMS 0x0000000081100000, 0x0000000081100000| Untracked 
|  18|0x0000000081200000, 0x0000000081200000, 0x0000000081300000|  0%| F|  |TAMS 0x0000000081200000, 0x0000000081200000| Untracked 
|  19|0x0000000081300000, 0x0000000081300000, 0x0000000081400000|  0%| F|  |TAMS 0x0000000081300000, 0x0000000081300000| Untracked 
|  20|0x0000000081400000, 0x0000000081400000, 0x0000000081500000|  0%| F|  |TAMS 0x0000000081400000, 0x0000000081400000| Untracked 
|  21|0x0000000081500000, 0x0000000081500000, 0x0000000081600000|  0%| F|  |TAMS 0x0000000081500000, 0x0000000081500000| Untracked 
|  22|0x0000000081600000, 0x0000000081600000, 0x0000000081700000|  0%| F|  |TAMS 0x0000000081600000, 0x0000000081600000| Untracked 
|  23|0x0000000081700000, 0x0000000081700000, 0x0000000081800000|  0%| F|  |TAMS 0x0000000081700000, 0x0000000081700000| Untracked 
|  24|0x0000000081800000, 0x0000000081800000, 0x0000000081900000|  0%| F|  |TAMS 0x0000000081800000, 0x0000000081800000| Untracked 
|  25|0x0000000081900000, 0x0000000081900000, 0x0000000081a00000|  0%| F|  |TAMS 0x0000000081900000, 0x0000000081900000| Untracked 
|  26|0x0000000081a00000, 0x0000000081a00000, 0x0000000081b00000|  0%| F|  |TAMS 0x0000000081a00000, 0x0000000081a00000| Untracked 
|  27|0x0000000081b00000, 0x0000000081b00000, 0x0000000081c00000|  0%| F|  |TAMS 0x0000000081b00000, 0x0000000081b00000| Untracked 
|  28|0x0000000081c00000, 0x0000000081c00000, 0x0000000081d00000|  0%| F|  |TAMS 0x0000000081c00000, 0x0000000081c00000| Untracked 
|  29|0x0000000081d00000, 0x0000000081d00000, 0x0000000081e00000|  0%| F|  |TAMS 0x0000000081d00000, 0x0000000081d00000| Untracked 
|  30|0x0000000081e00000, 0x0000000081e00000, 0x0000000081f00000|  0%| F|  |TAMS 0x0000000081e00000, 0x0000000081e00000| Untracked 
|  31|0x0000000081f00000, 0x0000000081f00000, 0x0000000082000000|  0%| F|  |TAMS 0x0000000081f00000, 0x0000000081f00000| Untracked 
|  32|0x0000000082000000, 0x0000000082000000, 0x0000000082100000|  0%| F|  |TAMS 0x0000000082000000, 0x0000000082000000| Untracked 
|  33|0x0000000082100000, 0x0000000082100000, 0x0000000082200000|  0%| F|  |TAMS 0x0000000082100000, 0x0000000082100000| Untracked 
|  34|0x0000000082200000, 0x0000000082200000, 0x0000000082300000|  0%| F|  |TAMS 0x0000000082200000, 0x0000000082200000| Untracked 
|  35|0x0000000082300000, 0x0000000082300000, 0x0000000082400000|  0%| F|  |TAMS 0x0000000082300000, 0x0000000082300000| Untracked 
|  36|0x0000000082400000, 0x0000000082400000, 0x0000000082500000|  0%| F|  |TAMS 0x0000000082400000, 0x0000000082400000| Untracked 
|  37|0x0000000082500000, 0x0000000082500000, 0x0000000082600000|  0%| F|  |TAMS 0x0000000082500000, 0x0000000082500000| Untracked 
|  38|0x0000000082600000, 0x0000000082600000, 0x0000000082700000|  0%| F|  |TAMS 0x0000000082600000, 0x0000000082600000| Untracked 
|  39|0x0000000082700000, 0x0000000082700000, 0x0000000082800000|  0%| F|  |TAMS 0x0000000082700000, 0x0000000082700000| Untracked 
|  40|0x0000000082800000, 0x0000000082800000, 0x0000000082900000|  0%| F|  |TAMS 0x0000000082800000, 0x0000000082800000| Untracked 
|  41|0x0000000082900000, 0x0000000082900000, 0x0000000082a00000|  0%| F|  |TAMS 0x0000000082900000, 0x0000000082900000| Untracked 
|  42|0x0000000082a00000, 0x0000000082a00000, 0x0000000082b00000|  0%| F|  |TAMS 0x0000000082a00000, 0x0000000082a00000| Untracked 
|  43|0x0000000082b00000, 0x0000000082b00000, 0x0000000082c00000|  0%| F|  |TAMS 0x0000000082b00000, 0x0000000082b00000| Untracked 
|  44|0x0000000082c00000, 0x0000000082c00000, 0x0000000082d00000|  0%| F|  |TAMS 0x0000000082c00000, 0x0000000082c00000| Untracked 
|  45|0x0000000082d00000, 0x0000000082d00000, 0x0000000082e00000|  0%| F|  |TAMS 0x0000000082d00000, 0x0000000082d00000| Untracked 
|  46|0x0000000082e00000, 0x0000000082e00000, 0x0000000082f00000|  0%| F|  |TAMS 0x0000000082e00000, 0x0000000082e00000| Untracked 
|  47|0x0000000082f00000, 0x0000000082f00000, 0x0000000083000000|  0%| F|  |TAMS 0x0000000082f00000, 0x0000000082f00000| Untracked 
|  48|0x0000000083000000, 0x0000000083000000, 0x0000000083100000|  0%| F|  |TAMS 0x0000000083000000, 0x0000000083000000| Untracked 
|  49|0x0000000083100000, 0x0000000083100000, 0x0000000083200000|  0%| F|  |TAMS 0x0000000083100000, 0x0000000083100000| Untracked 
|  50|0x0000000083200000, 0x0000000083200000, 0x0000000083300000|  0%| F|  |TAMS 0x0000000083200000, 0x0000000083200000| Untracked 
|  51|0x0000000083300000, 0x0000000083300000, 0x0000000083400000|  0%| F|  |TAMS 0x0000000083300000, 0x0000000083300000| Untracked 
|  52|0x0000000083400000, 0x0000000083400000, 0x0000000083500000|  0%| F|  |TAMS 0x0000000083400000, 0x0000000083400000| Untracked 
|  53|0x0000000083500000, 0x0000000083500000, 0x0000000083600000|  0%| F|  |TAMS 0x0000000083500000, 0x0000000083500000| Untracked 
|  54|0x0000000083600000, 0x0000000083600000, 0x0000000083700000|  0%| F|  |TAMS 0x0000000083600000, 0x0000000083600000| Untracked 
|  55|0x0000000083700000, 0x0000000083700000, 0x0000000083800000|  0%| F|  |TAMS 0x0000000083700000, 0x0000000083700000| Untracked 
|  56|0x0000000083800000, 0x0000000083800000, 0x0000000083900000|  0%| F|  |TAMS 0x0000000083800000, 0x0000000083800000| Untracked 
|  57|0x0000000083900000, 0x0000000083900000, 0x0000000083a00000|  0%| F|  |TAMS 0x0000000083900000, 0x0000000083900000| Untracked 
|  58|0x0000000083a00000, 0x0000000083a00000, 0x0000000083b00000|  0%| F|  |TAMS 0x0000000083a00000, 0x0000000083a00000| Untracked 
|  59|0x0000000083b00000, 0x0000000083b00000, 0x0000000083c00000|  0%| F|  |TAMS 0x0000000083b00000, 0x0000000083b00000| Untracked 
|  60|0x0000000083c00000, 0x0000000083c00000, 0x0000000083d00000|  0%| F|  |TAMS 0x0000000083c00000, 0x0000000083c00000| Untracked 
|  61|0x0000000083d00000, 0x0000000083d00000, 0x0000000083e00000|  0%| F|  |TAMS 0x0000000083d00000, 0x0000000083d00000| Untracked 
|  62|0x0000000083e00000, 0x0000000083e00000, 0x0000000083f00000|  0%| F|  |TAMS 0x0000000083e00000, 0x0000000083e00000| Untracked 
|  63|0x0000000083f00000, 0x0000000083f00000, 0x0000000084000000|  0%| F|  |TAMS 0x0000000083f00000, 0x0000000083f00000| Untracked 
|  64|0x0000000084000000, 0x0000000084000000, 0x0000000084100000|  0%| F|  |TAMS 0x0000000084000000, 0x0000000084000000| Untracked 
|  65|0x0000000084100000, 0x0000000084100000, 0x0000000084200000|  0%| F|  |TAMS 0x0000000084100000, 0x0000000084100000| Untracked 
|  66|0x0000000084200000, 0x0000000084200000, 0x0000000084300000|  0%| F|  |TAMS 0x0000000084200000, 0x0000000084200000| Untracked 
|  67|0x0000000084300000, 0x0000000084300000, 0x0000000084400000|  0%| F|  |TAMS 0x0000000084300000, 0x0000000084300000| Untracked 
|  68|0x0000000084400000, 0x0000000084400000, 0x0000000084500000|  0%| F|  |TAMS 0x0000000084400000, 0x0000000084400000| Untracked 
|  69|0x0000000084500000, 0x0000000084500000, 0x0000000084600000|  0%| F|  |TAMS 0x0000000084500000, 0x0000000084500000| Untracked 
|  70|0x0000000084600000, 0x0000000084600000, 0x0000000084700000|  0%| F|  |TAMS 0x0000000084600000, 0x0000000084600000| Untracked 
|  71|0x0000000084700000, 0x0000000084700000, 0x0000000084800000|  0%| F|  |TAMS 0x0000000084700000, 0x0000000084700000| Untracked 
|  72|0x0000000084800000, 0x0000000084800000, 0x0000000084900000|  0%| F|  |TAMS 0x0000000084800000, 0x0000000084800000| Untracked 
|  73|0x0000000084900000, 0x0000000084900000, 0x0000000084a00000|  0%| F|  |TAMS 0x0000000084900000, 0x0000000084900000| Untracked 
|  74|0x0000000084a00000, 0x0000000084a00000, 0x0000000084b00000|  0%| F|  |TAMS 0x0000000084a00000, 0x0000000084a00000| Untracked 
|  75|0x0000000084b00000, 0x0000000084b00000, 0x0000000084c00000|  0%| F|  |TAMS 0x0000000084b00000, 0x0000000084b00000| Untracked 
|  76|0x0000000084c00000, 0x0000000084c00000, 0x0000000084d00000|  0%| F|  |TAMS 0x0000000084c00000, 0x0000000084c00000| Untracked 
|  77|0x0000000084d00000, 0x0000000084d00000, 0x0000000084e00000|  0%| F|  |TAMS 0x0000000084d00000, 0x0000000084d00000| Untracked 
|  78|0x0000000084e00000, 0x0000000084e00000, 0x0000000084f00000|  0%| F|  |TAMS 0x0000000084e00000, 0x0000000084e00000| Untracked 
|  79|0x0000000084f00000, 0x0000000084f00000, 0x0000000085000000|  0%| F|  |TAMS 0x0000000084f00000, 0x0000000084f00000| Untracked 
|  80|0x0000000085000000, 0x0000000085000000, 0x0000000085100000|  0%| F|  |TAMS 0x0000000085000000, 0x0000000085000000| Untracked 
|  81|0x0000000085100000, 0x0000000085100000, 0x0000000085200000|  0%| F|  |TAMS 0x0000000085100000, 0x0000000085100000| Untracked 
|  82|0x0000000085200000, 0x0000000085200000, 0x0000000085300000|  0%| F|  |TAMS 0x0000000085200000, 0x0000000085200000| Untracked 
|  83|0x0000000085300000, 0x0000000085300000, 0x0000000085400000|  0%| F|  |TAMS 0x0000000085300000, 0x0000000085300000| Untracked 
|  84|0x0000000085400000, 0x0000000085400000, 0x0000000085500000|  0%| F|  |TAMS 0x0000000085400000, 0x0000000085400000| Untracked 
|  85|0x0000000085500000, 0x0000000085500000, 0x0000000085600000|  0%| F|  |TAMS 0x0000000085500000, 0x0000000085500000| Untracked 
|  86|0x0000000085600000, 0x0000000085600000, 0x0000000085700000|  0%| F|  |TAMS 0x0000000085600000, 0x0000000085600000| Untracked 
|  87|0x0000000085700000, 0x0000000085700000, 0x0000000085800000|  0%| F|  |TAMS 0x0000000085700000, 0x0000000085700000| Untracked 
|  88|0x0000000085800000, 0x0000000085800000, 0x0000000085900000|  0%| F|  |TAMS 0x0000000085800000, 0x0000000085800000| Untracked 
|  89|0x0000000085900000, 0x0000000085900000, 0x0000000085a00000|  0%| F|  |TAMS 0x0000000085900000, 0x0000000085900000| Untracked 
|  90|0x0000000085a00000, 0x0000000085a00000, 0x0000000085b00000|  0%| F|  |TAMS 0x0000000085a00000, 0x0000000085a00000| Untracked 
|  91|0x0000000085b00000, 0x0000000085b00000, 0x0000000085c00000|  0%| F|  |TAMS 0x0000000085b00000, 0x0000000085b00000| Untracked 
|  92|0x0000000085c00000, 0x0000000085c00000, 0x0000000085d00000|  0%| F|  |TAMS 0x0000000085c00000, 0x0000000085c00000| Untracked 
|  93|0x0000000085d00000, 0x0000000085d00000, 0x0000000085e00000|  0%| F|  |TAMS 0x0000000085d00000, 0x0000000085d00000| Untracked 
|  94|0x0000000085e00000, 0x0000000085e00000, 0x0000000085f00000|  0%| F|  |TAMS 0x0000000085e00000, 0x0000000085e00000| Untracked 
|  95|0x0000000085f00000, 0x0000000085f00000, 0x0000000086000000|  0%| F|  |TAMS 0x0000000085f00000, 0x0000000085f00000| Untracked 
|  96|0x0000000086000000, 0x0000000086000000, 0x0000000086100000|  0%| F|  |TAMS 0x0000000086000000, 0x0000000086000000| Untracked 
|  97|0x0000000086100000, 0x0000000086100000, 0x0000000086200000|  0%| F|  |TAMS 0x0000000086100000, 0x0000000086100000| Untracked 
|  98|0x0000000086200000, 0x0000000086200000, 0x0000000086300000|  0%| F|  |TAMS 0x0000000086200000, 0x0000000086200000| Untracked 
|  99|0x0000000086300000, 0x0000000086300000, 0x0000000086400000|  0%| F|  |TAMS 0x0000000086300000, 0x0000000086300000| Untracked 
| 100|0x0000000086400000, 0x0000000086400000, 0x0000000086500000|  0%| F|  |TAMS 0x0000000086400000, 0x0000000086400000| Untracked 
| 101|0x0000000086500000, 0x0000000086500000, 0x0000000086600000|  0%| F|  |TAMS 0x0000000086500000, 0x0000000086500000| Untracked 
| 102|0x0000000086600000, 0x0000000086600000, 0x0000000086700000|  0%| F|  |TAMS 0x0000000086600000, 0x0000000086600000| Untracked 
| 103|0x0000000086700000, 0x0000000086700000, 0x0000000086800000|  0%| F|  |TAMS 0x0000000086700000, 0x0000000086700000| Untracked 
| 104|0x0000000086800000, 0x0000000086800000, 0x0000000086900000|  0%| F|  |TAMS 0x0000000086800000, 0x0000000086800000| Untracked 
| 105|0x0000000086900000, 0x0000000086900000, 0x0000000086a00000|  0%| F|  |TAMS 0x0000000086900000, 0x0000000086900000| Untracked 
| 106|0x0000000086a00000, 0x0000000086a00000, 0x0000000086b00000|  0%| F|  |TAMS 0x0000000086a00000, 0x0000000086a00000| Untracked 
| 107|0x0000000086b00000, 0x0000000086b00000, 0x0000000086c00000|  0%| F|  |TAMS 0x0000000086b00000, 0x0000000086b00000| Untracked 
| 108|0x0000000086c00000, 0x0000000086c00000, 0x0000000086d00000|  0%| F|  |TAMS 0x0000000086c00000, 0x0000000086c00000| Untracked 
| 109|0x0000000086d00000, 0x0000000086d00000, 0x0000000086e00000|  0%| F|  |TAMS 0x0000000086d00000, 0x0000000086d00000| Untracked 
| 110|0x0000000086e00000, 0x0000000086e00000, 0x0000000086f00000|  0%| F|  |TAMS 0x0000000086e00000, 0x0000000086e00000| Untracked 
| 111|0x0000000086f00000, 0x0000000086f00000, 0x0000000087000000|  0%| F|  |TAMS 0x0000000086f00000, 0x0000000086f00000| Untracked 
| 112|0x0000000087000000, 0x0000000087000000, 0x0000000087100000|  0%| F|  |TAMS 0x0000000087000000, 0x0000000087000000| Untracked 
| 113|0x0000000087100000, 0x0000000087100000, 0x0000000087200000|  0%| F|  |TAMS 0x0000000087100000, 0x0000000087100000| Untracked 
| 114|0x0000000087200000, 0x0000000087200000, 0x0000000087300000|  0%| F|  |TAMS 0x0000000087200000, 0x0000000087200000| Untracked 
| 115|0x0000000087300000, 0x0000000087300000, 0x0000000087400000|  0%| F|  |TAMS 0x0000000087300000, 0x0000000087300000| Untracked 
| 116|0x0000000087400000, 0x0000000087400000, 0x0000000087500000|  0%| F|  |TAMS 0x0000000087400000, 0x0000000087400000| Untracked 
| 117|0x0000000087500000, 0x0000000087500000, 0x0000000087600000|  0%| F|  |TAMS 0x0000000087500000, 0x0000000087500000| Untracked 
| 118|0x0000000087600000, 0x0000000087600000, 0x0000000087700000|  0%| F|  |TAMS 0x0000000087600000, 0x0000000087600000| Untracked 
| 119|0x0000000087700000, 0x0000000087700000, 0x0000000087800000|  0%| F|  |TAMS 0x0000000087700000, 0x0000000087700000| Untracked 
| 120|0x0000000087800000, 0x000000008784e460, 0x0000000087900000| 30%| S|CS|TAMS 0x0000000087800000, 0x0000000087800000| Complete 
| 121|0x0000000087900000, 0x0000000087a00000, 0x0000000087a00000|100%| S|CS|TAMS 0x0000000087900000, 0x0000000087900000| Complete 
| 122|0x0000000087a00000, 0x0000000087b00000, 0x0000000087b00000|100%| S|CS|TAMS 0x0000000087a00000, 0x0000000087a00000| Complete 
| 123|0x0000000087b00000, 0x0000000087c00000, 0x0000000087c00000|100%| S|CS|TAMS 0x0000000087b00000, 0x0000000087b00000| Complete 
| 124|0x0000000087c00000, 0x0000000087c00000, 0x0000000087d00000|  0%| F|  |TAMS 0x0000000087c00000, 0x0000000087c00000| Untracked 
| 125|0x0000000087d00000, 0x0000000087d00000, 0x0000000087e00000|  0%| F|  |TAMS 0x0000000087d00000, 0x0000000087d00000| Untracked 
| 126|0x0000000087e00000, 0x0000000087e00000, 0x0000000087f00000|  0%| F|  |TAMS 0x0000000087e00000, 0x0000000087e00000| Untracked 
| 127|0x0000000087f00000, 0x0000000087f00000, 0x0000000088000000|  0%| F|  |TAMS 0x0000000087f00000, 0x0000000087f00000| Untracked 
| 128|0x0000000088000000, 0x0000000088000000, 0x0000000088100000|  0%| F|  |TAMS 0x0000000088000000, 0x0000000088000000| Untracked 
| 129|0x0000000088100000, 0x0000000088100000, 0x0000000088200000|  0%| F|  |TAMS 0x0000000088100000, 0x0000000088100000| Untracked 
| 130|0x0000000088200000, 0x0000000088200000, 0x0000000088300000|  0%| F|  |TAMS 0x0000000088200000, 0x0000000088200000| Untracked 
| 131|0x0000000088300000, 0x0000000088300000, 0x0000000088400000|  0%| F|  |TAMS 0x0000000088300000, 0x0000000088300000| Untracked 
| 132|0x0000000088400000, 0x0000000088400000, 0x0000000088500000|  0%| F|  |TAMS 0x0000000088400000, 0x0000000088400000| Untracked 
| 133|0x0000000088500000, 0x0000000088500000, 0x0000000088600000|  0%| F|  |TAMS 0x0000000088500000, 0x0000000088500000| Untracked 
| 134|0x0000000088600000, 0x0000000088600000, 0x0000000088700000|  0%| F|  |TAMS 0x0000000088600000, 0x0000000088600000| Untracked 
| 135|0x0000000088700000, 0x0000000088700000, 0x0000000088800000|  0%| F|  |TAMS 0x0000000088700000, 0x0000000088700000| Untracked 
| 136|0x0000000088800000, 0x0000000088800000, 0x0000000088900000|  0%| F|  |TAMS 0x0000000088800000, 0x0000000088800000| Untracked 
| 137|0x0000000088900000, 0x0000000088900000, 0x0000000088a00000|  0%| F|  |TAMS 0x0000000088900000, 0x0000000088900000| Untracked 
| 138|0x0000000088a00000, 0x0000000088a00000, 0x0000000088b00000|  0%| F|  |TAMS 0x0000000088a00000, 0x0000000088a00000| Untracked 
| 139|0x0000000088b00000, 0x0000000088b00000, 0x0000000088c00000|  0%| F|  |TAMS 0x0000000088b00000, 0x0000000088b00000| Untracked 
| 140|0x0000000088c00000, 0x0000000088c00000, 0x0000000088d00000|  0%| F|  |TAMS 0x0000000088c00000, 0x0000000088c00000| Untracked 
| 141|0x0000000088d00000, 0x0000000088d00000, 0x0000000088e00000|  0%| F|  |TAMS 0x0000000088d00000, 0x0000000088d00000| Untracked 
| 142|0x0000000088e00000, 0x0000000088f00000, 0x0000000088f00000|100%| E|  |TAMS 0x0000000088e00000, 0x0000000088e00000| Complete 
| 143|0x0000000088f00000, 0x0000000089000000, 0x0000000089000000|100%| E|CS|TAMS 0x0000000088f00000, 0x0000000088f00000| Complete 
| 144|0x0000000089000000, 0x0000000089100000, 0x0000000089100000|100%| E|CS|TAMS 0x0000000089000000, 0x0000000089000000| Complete 
| 145|0x0000000089100000, 0x0000000089200000, 0x0000000089200000|100%| E|CS|TAMS 0x0000000089100000, 0x0000000089100000| Complete 
| 146|0x0000000089200000, 0x0000000089300000, 0x0000000089300000|100%| E|CS|TAMS 0x0000000089200000, 0x0000000089200000| Complete 
| 147|0x0000000089300000, 0x0000000089400000, 0x0000000089400000|100%| E|CS|TAMS 0x0000000089300000, 0x0000000089300000| Complete 
| 148|0x0000000089400000, 0x0000000089500000, 0x0000000089500000|100%| E|CS|TAMS 0x0000000089400000, 0x0000000089400000| Complete 
| 149|0x0000000089500000, 0x0000000089600000, 0x0000000089600000|100%| E|CS|TAMS 0x0000000089500000, 0x0000000089500000| Complete 
| 150|0x0000000089600000, 0x0000000089700000, 0x0000000089700000|100%| E|CS|TAMS 0x0000000089600000, 0x0000000089600000| Complete 
| 151|0x0000000089700000, 0x0000000089800000, 0x0000000089800000|100%| E|CS|TAMS 0x0000000089700000, 0x0000000089700000| Complete 
| 152|0x0000000089800000, 0x0000000089900000, 0x0000000089900000|100%| E|CS|TAMS 0x0000000089800000, 0x0000000089800000| Complete 
| 153|0x0000000089900000, 0x0000000089a00000, 0x0000000089a00000|100%| E|CS|TAMS 0x0000000089900000, 0x0000000089900000| Complete 

Card table byte_map: [0x0000016f3f840000,0x0000016f3fc40000] _byte_map_base: 0x0000016f3f440000

Marking Bits (Prev, Next): (CMBitMap*) 0x0000016f28dd3d50, (CMBitMap*) 0x0000016f28dd3d18
 Prev Bits: [0x0000016f42040000, 0x0000016f44040000)
 Next Bits: [0x0000016f40040000, 0x0000016f42040000)

Polling page: 0x0000016f28570000

Metaspace:

Usage:
  Non-class:     24.37 MB capacity,    23.97 MB ( 98%) used,   333.67 KB (  1%) free+waste,    72.31 KB ( <1%) overhead. 
      Class:      3.25 MB capacity,     3.01 MB ( 93%) used,   203.31 KB (  6%) free+waste,    35.81 KB (  1%) overhead. 
       Both:     27.62 MB capacity,    26.99 MB ( 98%) used,   536.98 KB (  2%) free+waste,   108.13 KB ( <1%) overhead. 

Virtual space:
  Non-class space:       26.00 MB reserved,      24.42 MB ( 94%) committed 
      Class space:        1.00 GB reserved,       3.25 MB ( <1%) committed 
             Both:        1.03 GB reserved,      27.67 MB (  3%) committed 

Chunk freelists:
   Non-Class:  6.50 KB
       Class:  640 bytes
        Both:  7.13 KB

CodeHeap 'non-profiled nmethods': size=120064Kb used=844Kb max_used=844Kb free=119219Kb
 bounds [0x0000016f37f00000, 0x0000016f38170000, 0x0000016f3f440000]
CodeHeap 'profiled nmethods': size=120000Kb used=5467Kb max_used=5467Kb free=114533Kb
 bounds [0x0000016f309d0000, 0x0000016f30f30000, 0x0000016f37f00000]
CodeHeap 'non-nmethods': size=5696Kb used=1156Kb max_used=1169Kb free=4539Kb
 bounds [0x0000016f30440000, 0x0000016f306b0000, 0x0000016f309d0000]
 total_blobs=3005 nmethods=2529 adapters=387
 compilation: enabled
              stopped_count=0, restarted_count=0
 full_count=0

Compilation events (10 events):
Event: 4.487 Thread 0x0000016f46ab7000 2526       1       org.springframework.core.io.UrlResource::getURL (5 bytes)
Event: 4.487 Thread 0x0000016f46ab7000 nmethod 2526 0x0000016f37fd2f10 code [0x0000016f37fd30a0, 0x0000016f37fd3158]
Event: 4.488 Thread 0x0000016f46ab7000 2527       3       org.springframework.core.env.SystemEnvironmentPropertySource::getProperty (86 bytes)
Event: 4.489 Thread 0x0000016f46ab7000 nmethod 2527 0x0000016f30f1f310 code [0x0000016f30f1f620, 0x0000016f30f20648]
Event: 4.489 Thread 0x0000016f46ab7000 2528       3       java.lang.String::toUpperCase (8 bytes)
Event: 4.489 Thread 0x0000016f46ab7000 nmethod 2528 0x0000016f30f20b90 code [0x0000016f30f20d60, 0x0000016f30f210d8]
Event: 4.489 Thread 0x0000016f46ab7000 2529       3       org.springframework.util.StringUtils::replace (132 bytes)
Event: 4.491 Thread 0x0000016f46ab7000 nmethod 2529 0x0000016f30f21210 code [0x0000016f30f21560, 0x0000016f30f229f8]
Event: 4.493 Thread 0x0000016f46ab7000 2530       3       jdk.internal.loader.BuiltinClassLoader$2::run (5 bytes)
Event: 4.493 Thread 0x0000016f46ab7000 nmethod 2530 0x0000016f30f23290 code [0x0000016f30f23440, 0x0000016f30f23588]

GC Heap History (10 events):
Event: 1.207 GC heap before
{Heap before GC invocations=1 (full 0):
 garbage-first heap   total 131072K, used 9341K [0x0000000080000000, 0x0000000100000000)
  region size 1024K, 6 young (6144K), 1 survivors (1024K)
 Metaspace       used 9105K, capacity 9198K, committed 9344K, reserved 1058816K
  class space    used 823K, capacity 871K, committed 896K, reserved 1048576K
}
Event: 1.212 GC heap after
{Heap after GC invocations=2 (full 0):
 garbage-first heap   total 131072K, used 5282K [0x0000000080000000, 0x0000000100000000)
  region size 1024K, 1 young (1024K), 1 survivors (1024K)
 Metaspace       used 9105K, capacity 9198K, committed 9344K, reserved 1058816K
  class space    used 823K, capacity 871K, committed 896K, reserved 1048576K
}
Event: 1.946 GC heap before
{Heap before GC invocations=2 (full 0):
 garbage-first heap   total 131072K, used 14498K [0x0000000080000000, 0x0000000100000000)
  region size 1024K, 11 young (11264K), 1 survivors (1024K)
 Metaspace       used 12026K, capacity 12213K, committed 12288K, reserved 1060864K
  class space    used 1176K, capacity 1261K, committed 1280K, reserved 1048576K
}
Event: 1.952 GC heap after
{Heap after GC invocations=3 (full 0):
 garbage-first heap   total 131072K, used 6141K [0x0000000080000000, 0x0000000100000000)
  region size 1024K, 2 young (2048K), 2 survivors (2048K)
 Metaspace       used 12026K, capacity 12213K, committed 12288K, reserved 1060864K
  class space    used 1176K, capacity 1261K, committed 1280K, reserved 1048576K
}
Event: 2.403 GC heap before
{Heap before GC invocations=3 (full 0):
 garbage-first heap   total 131072K, used 20477K [0x0000000080000000, 0x0000000100000000)
  region size 1024K, 17 young (17408K), 2 survivors (2048K)
 Metaspace       used 15993K, capacity 16283K, committed 16384K, reserved 1064960K
  class space    used 1589K, capacity 1733K, committed 1792K, reserved 1048576K
}
Event: 2.411 GC heap after
{Heap after GC invocations=4 (full 0):
 garbage-first heap   total 131072K, used 6988K [0x0000000080000000, 0x0000000100000000)
  region size 1024K, 2 young (2048K), 2 survivors (2048K)
 Metaspace       used 15993K, capacity 16283K, committed 16384K, reserved 1064960K
  class space    used 1589K, capacity 1733K, committed 1792K, reserved 1048576K
}
Event: 2.890 GC heap before
{Heap before GC invocations=4 (full 0):
 garbage-first heap   total 131072K, used 26444K [0x0000000080000000, 0x0000000100000000)
  region size 1024K, 22 young (22528K), 2 survivors (2048K)
 Metaspace       used 20763K, capacity 21166K, committed 21296K, reserved 1069056K
  class space    used 2226K, capacity 2399K, committed 2432K, reserved 1048576K
}
Event: 2.901 GC heap after
{Heap after GC invocations=5 (full 0):
 garbage-first heap   total 157696K, used 7821K [0x0000000080000000, 0x0000000100000000)
  region size 1024K, 2 young (2048K), 2 survivors (2048K)
 Metaspace       used 20763K, capacity 21166K, committed 21296K, reserved 1069056K
  class space    used 2226K, capacity 2399K, committed 2432K, reserved 1048576K
}
Event: 3.965 GC heap before
{Heap before GC invocations=6 (full 0):
 garbage-first heap   total 157696K, used 37517K [0x0000000080000000, 0x0000000100000000)
  region size 1024K, 32 young (32768K), 2 survivors (2048K)
 Metaspace       used 25877K, capacity 26499K, committed 26672K, reserved 1073152K
  class space    used 2879K, capacity 3134K, committed 3200K, reserved 1048576K
}
Event: 3.976 GC heap after
{Heap after GC invocations=7 (full 0):
 garbage-first heap   total 157696K, used 9401K [0x0000000080000000, 0x0000000100000000)
  region size 1024K, 4 young (4096K), 4 survivors (4096K)
 Metaspace       used 25877K, capacity 26499K, committed 26672K, reserved 1073152K
  class space    used 2879K, capacity 3134K, committed 3200K, reserved 1048576K
}

Deoptimization events (10 events):
Event: 3.384 Thread 0x0000016f28d97800 Uncommon trap: reason=profile_predicate action=maybe_recompile pc=0x0000016f37f8dacc method=org.springframework.boot.context.properties.source.ConfigurationPropertyName$Elements.canShortcutWithSource(Lorg/springframework/boot/context/properties/source/Con
Event: 3.450 Thread 0x0000016f28d97800 Uncommon trap: reason=unstable_if action=reinterpret pc=0x0000016f37f438dc method=java.util.HashMap.getNode(ILjava/lang/Object;)Ljava/util/HashMap$Node; @ 129 c2
Event: 3.451 Thread 0x0000016f28d97800 Uncommon trap: reason=unstable_if action=reinterpret pc=0x0000016f37f3cd08 method=java.util.HashMap.getNode(ILjava/lang/Object;)Ljava/util/HashMap$Node; @ 129 c2
Event: 3.595 Thread 0x0000016f28d97800 Uncommon trap: reason=unstable_if action=reinterpret pc=0x0000016f37fab028 method=jdk.internal.org.objectweb.asm.Type.getArgumentsAndReturnSizes(Ljava/lang/String;)I @ 88 c2
Event: 3.651 Thread 0x0000016f28d97800 Uncommon trap: reason=unstable_if action=reinterpret pc=0x0000016f37f268e4 method=java.lang.String.startsWith(Ljava/lang/String;I)Z @ 1 c2
Event: 3.657 Thread 0x0000016f28d97800 Uncommon trap: reason=unstable_if action=reinterpret pc=0x0000016f37f4f0ec method=java.util.concurrent.ConcurrentHashMap.get(Ljava/lang/Object;)Ljava/lang/Object; @ 76 c2
Event: 4.072 Thread 0x0000016f28d97800 Uncommon trap: reason=bimorphic_or_optimized_type_check action=maybe_recompile pc=0x0000016f37fbd4c0 method=java.util.HashMap.putVal(ILjava/lang/Object;Ljava/lang/Object;ZZ)Ljava/lang/Object; @ 203 c2
Event: 4.178 Thread 0x0000016f28d97800 Uncommon trap: reason=bimorphic_or_optimized_type_check action=maybe_recompile pc=0x0000016f37fbd4c0 method=java.util.HashMap.putVal(ILjava/lang/Object;Ljava/lang/Object;ZZ)Ljava/lang/Object; @ 203 c2
Event: 4.178 Thread 0x0000016f28d97800 Uncommon trap: reason=bimorphic_or_optimized_type_check action=maybe_recompile pc=0x0000016f37fbd4c0 method=java.util.HashMap.putVal(ILjava/lang/Object;Ljava/lang/Object;ZZ)Ljava/lang/Object; @ 203 c2
Event: 4.321 Thread 0x0000016f28d97800 Uncommon trap: reason=unstable_if action=reinterpret pc=0x0000016f37f5e0d8 method=org.springframework.util.ConcurrentReferenceHashMap$Segment.clear()V @ 4 c2

Classes redefined (0 events):
No events

Internal exceptions (10 events):
Event: 3.670 Thread 0x0000016f28d97800 Exception <a 'java/lang/ClassNotFoundException'{0x00000000885b13e8}: org/springframework/core/OrderedCustomizer> (0x00000000885b13e8) thrown at [./open/src/hotspot/share/classfile/systemDictionary.cpp, line 226]
Event: 3.671 Thread 0x0000016f28d97800 Exception <a 'java/lang/ClassNotFoundException'{0x00000000885bd960}: org/springframework/context/ResourceLoaderAwareCustomizer> (0x00000000885bd960) thrown at [./open/src/hotspot/share/classfile/systemDictionary.cpp, line 226]
Event: 3.672 Thread 0x0000016f28d97800 Exception <a 'java/lang/ClassNotFoundException'{0x00000000885c9468}: org/springframework/beans/factory/AwareCustomizer> (0x00000000885c9468) thrown at [./open/src/hotspot/share/classfile/systemDictionary.cpp, line 226]
Event: 3.673 Thread 0x0000016f28d97800 Exception <a 'java/lang/ClassNotFoundException'{0x00000000885d5728}: org/springframework/beans/factory/BeanClassLoaderAwareCustomizer> (0x00000000885d5728) thrown at [./open/src/hotspot/share/classfile/systemDictionary.cpp, line 226]
Event: 3.674 Thread 0x0000016f28d97800 Exception <a 'java/lang/ClassNotFoundException'{0x00000000885e1248}: org/springframework/beans/factory/AwareCustomizer> (0x00000000885e1248) thrown at [./open/src/hotspot/share/classfile/systemDictionary.cpp, line 226]
Event: 3.675 Thread 0x0000016f28d97800 Exception <a 'java/lang/ClassNotFoundException'{0x00000000885ec708}: org/springframework/context/EnvironmentAwareCustomizer> (0x00000000885ec708) thrown at [./open/src/hotspot/share/classfile/systemDictionary.cpp, line 226]
Event: 3.675 Thread 0x0000016f28d97800 Exception <a 'java/lang/ClassNotFoundException'{0x00000000885f8178}: org/springframework/beans/factory/AwareCustomizer> (0x00000000885f8178) thrown at [./open/src/hotspot/share/classfile/systemDictionary.cpp, line 226]
Event: 3.902 Thread 0x0000016f28d97800 Exception <a 'java/lang/NoSuchMethodError'{0x0000000087d8e2d0}: java.lang.invoke.DirectMethodHandle$Holder.invokeSpecial(Ljava/lang/Object;Ljava/lang/Object;Ljava/lang/Object;Ljava/lang/Object;Ljava/lang/Object;)I> (0x0000000087d8e2d0) thrown at [./open/s
Event: 3.927 Thread 0x0000016f28d97800 Exception <a 'java/lang/NoSuchMethodError'{0x0000000087da81b0}: java.lang.invoke.DirectMethodHandle$Holder.invokeInterface(Ljava/lang/Object;Ljava/lang/Object;Ljava/lang/Object;Ljava/lang/Object;)V> (0x0000000087da81b0) thrown at [./open/src/hotspot/share
Event: 4.156 Thread 0x0000016f28d97800 Exception <a 'java/lang/NoSuchMethodError'{0x00000000894b86f8}: org.slf4j.impl.StaticMDCBinder.getSingleton()Lorg/slf4j/impl/StaticMDCBinder;> (0x00000000894b86f8) thrown at [./open/src/hotspot/share/interpreter/linkResolver.cpp, line 772]

Events (10 events):
Event: 4.505 loading class org/yaml/snakeyaml/nodes/MappingNode
Event: 4.505 loading class org/yaml/snakeyaml/nodes/MappingNode done
Event: 4.505 loading class org/yaml/snakeyaml/nodes/CollectionNode
Event: 4.505 loading class org/yaml/snakeyaml/nodes/CollectionNode done
Event: 4.505 loading class org/yaml/snakeyaml/nodes/SequenceNode
Event: 4.505 loading class org/yaml/snakeyaml/nodes/SequenceNode done
Event: 4.506 loading class org/yaml/snakeyaml/constructor/ConstructorException
Event: 4.506 loading class org/yaml/snakeyaml/constructor/ConstructorException done
Event: 4.506 loading class org/yaml/snakeyaml/error/MarkedYAMLException
Event: 4.506 loading class org/yaml/snakeyaml/error/MarkedYAMLException done


Dynamic libraries:
0x00007ff76c9e0000 - 0x00007ff76c9ef000 	C:\Program Files\Java\jdk-11.0.15\bin\java.exe
0x00007ffa49410000 - 0x00007ffa49608000 	C:\Windows\SYSTEM32\ntdll.dll
0x00007ffa48b30000 - 0x00007ffa48bed000 	C:\Windows\System32\KERNEL32.DLL
0x00007ffa46df0000 - 0x00007ffa470be000 	C:\Windows\System32\KERNELBASE.dll
0x00007ffa470c0000 - 0x00007ffa471c0000 	C:\Windows\System32\ucrtbase.dll
0x00007ffa33120000 - 0x00007ffa33135000 	C:\Program Files\Java\jdk-11.0.15\bin\VCRUNTIME140.dll
0x00007ffa33140000 - 0x00007ffa33158000 	C:\Program Files\Java\jdk-11.0.15\bin\jli.dll
0x00007ffa49080000 - 0x00007ffa4912e000 	C:\Windows\System32\ADVAPI32.dll
0x00007ffa48fe0000 - 0x00007ffa4907e000 	C:\Windows\System32\msvcrt.dll
0x00007ffa48290000 - 0x00007ffa4832c000 	C:\Windows\System32\sechost.dll
0x00007ffa47e70000 - 0x00007ffa47f95000 	C:\Windows\System32\RPCRT4.dll
0x00007ffa47850000 - 0x00007ffa479f0000 	C:\Windows\System32\USER32.dll
0x00007ffa46ce0000 - 0x00007ffa46d02000 	C:\Windows\System32\win32u.dll
0x00007ffa480c0000 - 0x00007ffa480ea000 	C:\Windows\System32\GDI32.dll
0x00007ffa32e80000 - 0x00007ffa3311a000 	C:\Windows\WinSxS\amd64_microsoft.windows.common-controls_6595b64144ccf1df_6.0.19041.1110_none_60b5254171f9507e\COMCTL32.dll
0x00007ffa471c0000 - 0x00007ffa472cb000 	C:\Windows\System32\gdi32full.dll
0x00007ffa473d0000 - 0x00007ffa4746d000 	C:\Windows\System32\msvcp_win.dll
0x00007ffa3eb90000 - 0x00007ffa3eb9a000 	C:\Windows\SYSTEM32\VERSION.dll
0x00007ffa48330000 - 0x00007ffa48360000 	C:\Windows\System32\IMM32.DLL
0x00007ffa32de0000 - 0x00007ffa32e7b000 	C:\Program Files\Java\jdk-11.0.15\bin\msvcp140.dll
0x00007ffa322c0000 - 0x00007ffa32dd6000 	C:\Program Files\Java\jdk-11.0.15\bin\server\jvm.dll
0x00007ffa479f0000 - 0x00007ffa479f8000 	C:\Windows\System32\PSAPI.DLL
0x00007ffa3c7f0000 - 0x00007ffa3c7f9000 	C:\Windows\SYSTEM32\WSOCK32.dll
0x00007ffa32290000 - 0x00007ffa322b7000 	C:\Windows\SYSTEM32\WINMM.dll
0x00007ffa481c0000 - 0x00007ffa4822b000 	C:\Windows\System32\WS2_32.dll
0x00007ffa44a10000 - 0x00007ffa44a22000 	C:\Windows\SYSTEM32\kernel.appcore.dll
0x00007ffa321a0000 - 0x00007ffa321b0000 	C:\Program Files\Java\jdk-11.0.15\bin\verify.dll
0x00007ffa356d0000 - 0x00007ffa358b4000 	C:\Windows\SYSTEM32\DBGHELP.DLL
0x00007ffa35c50000 - 0x00007ffa35c7c000 	C:\Windows\SYSTEM32\dbgcore.DLL
0x00007ffa472d0000 - 0x00007ffa47352000 	C:\Windows\System32\bcryptPrimitives.dll
0x00007ffa32170000 - 0x00007ffa32198000 	C:\Program Files\Java\jdk-11.0.15\bin\java.dll
0x00007ffa32160000 - 0x00007ffa3216a000 	C:\Program Files\Java\jdk-11.0.15\bin\jimage.dll
0x00007ffa42620000 - 0x00007ffa4262e000 	C:\Program Files\Java\jdk-11.0.15\bin\instrument.dll
0x00007ffa32140000 - 0x00007ffa32156000 	C:\Program Files\Java\jdk-11.0.15\bin\zip.dll
0x00007ffa48360000 - 0x00007ffa48aa4000 	C:\Windows\System32\SHELL32.dll
0x00007ffa44c10000 - 0x00007ffa453a4000 	C:\Windows\SYSTEM32\windows.storage.dll
0x00007ffa48bf0000 - 0x00007ffa48f44000 	C:\Windows\System32\combase.dll
0x00007ffa463e0000 - 0x00007ffa46410000 	C:\Windows\SYSTEM32\Wldp.dll
0x00007ffa47470000 - 0x00007ffa4751d000 	C:\Windows\System32\SHCORE.dll
0x00007ffa48230000 - 0x00007ffa48285000 	C:\Windows\System32\shlwapi.dll
0x00007ffa46a70000 - 0x00007ffa46a8f000 	C:\Windows\SYSTEM32\profapi.dll
0x00007ffa319f0000 - 0x00007ffa31a09000 	C:\Program Files\Java\jdk-11.0.15\bin\net.dll
0x00007ffa3e6c0000 - 0x00007ffa3e7ca000 	C:\Windows\SYSTEM32\WINHTTP.dll
0x00007ffa461c0000 - 0x00007ffa4622a000 	C:\Windows\system32\mswsock.dll
0x00007ffa319d0000 - 0x00007ffa319e2000 	C:\Program Files\Java\jdk-11.0.15\bin\nio.dll
0x00007ffa40e20000 - 0x00007ffa40e3a000 	C:\Program Files\JetBrains\IntelliJ IDEA Community Edition 2022.2.1\bin\breakgen64.dll
0x00007ffa45ed0000 - 0x00007ffa45f0b000 	C:\Windows\SYSTEM32\IPHLPAPI.DLL
0x00007ffa476e0000 - 0x00007ffa476e8000 	C:\Windows\System32\NSI.dll
0x00007ffa3f6a0000 - 0x00007ffa3f6b7000 	C:\Windows\SYSTEM32\dhcpcsvc6.DLL
0x00007ffa3f680000 - 0x00007ffa3f69d000 	C:\Windows\SYSTEM32\dhcpcsvc.DLL
0x00007ffa45f20000 - 0x00007ffa45fea000 	C:\Windows\SYSTEM32\DNSAPI.dll
0x00007ffa3ddf0000 - 0x00007ffa3ddfa000 	C:\Windows\System32\rasadhlp.dll
0x00007ffa3e5c0000 - 0x00007ffa3e640000 	C:\Windows\System32\fwpuclnt.dll
0x00007ffa46d10000 - 0x00007ffa46d37000 	C:\Windows\System32\bcrypt.dll
0x00007ffa31b80000 - 0x00007ffa31b89000 	C:\Program Files\Java\jdk-11.0.15\bin\management.dll
0x00007ffa30820000 - 0x00007ffa3082b000 	C:\Program Files\Java\jdk-11.0.15\bin\management_ext.dll
0x00007ffa2cad0000 - 0x00007ffa2cae7000 	C:\Windows\system32\napinsp.dll
0x00007ffa2cab0000 - 0x00007ffa2cacb000 	C:\Windows\system32\pnrpnsp.dll
0x00007ffa2ca90000 - 0x00007ffa2caa5000 	C:\Windows\system32\wshbth.dll
0x00007ffa424f0000 - 0x00007ffa4250d000 	C:\Windows\system32\NLAapi.dll
0x00007ffa2ca70000 - 0x00007ffa2ca82000 	C:\Windows\System32\winrnr.dll

dbghelp: loaded successfully - version: 4.0.5 - missing functions: none
symbol engine: initialized successfully - sym options: 0x614 - pdb path: .;C:\Program Files\Java\jdk-11.0.15\bin;C:\Windows\SYSTEM32;C:\Windows\WinSxS\amd64_microsoft.windows.common-controls_6595b64144ccf1df_6.0.19041.1110_none_60b5254171f9507e;C:\Program Files\Java\jdk-11.0.15\bin\server;C:\Program Files\JetBrains\IntelliJ IDEA Community Edition 2022.2.1\bin

VM Arguments:
jvm_args: -javaagent:C:\Program Files\JetBrains\IntelliJ IDEA Community Edition 2022.2.1\lib\idea_rt.jar=55743:C:\Program Files\JetBrains\IntelliJ IDEA Community Edition 2022.2.1\bin -Dfile.encoding=UTF-8 
java_command: com.training.springeurekaclient.SpringEurekaClientApplication
java_class_path (initial): C:\Users\sfjbs\Downloads\eureka-naming-server-main\spring-eureka-client\target\classes;C:\Users\sfjbs\.m2\repository\org\springframework\cloud\spring-cloud-starter-netflix-eureka-client\3.1.3\spring-cloud-starter-netflix-eureka-client-3.1.3.jar;C:\Users\sfjbs\.m2\repository\org\springframework\cloud\spring-cloud-starter\2.1.0.RELEASE\spring-cloud-starter-2.1.0.RELEASE.jar;C:\Users\sfjbs\.m2\repository\org\springframework\cloud\spring-cloud-context\2.1.0.RELEASE\spring-cloud-context-2.1.0.RELEASE.jar;C:\Users\sfjbs\.m2\repository\org\springframework\security\spring-security-crypto\5.1.5.RELEASE\spring-security-crypto-5.1.5.RELEASE.jar;C:\Users\sfjbs\.m2\repository\org\springframework\cloud\spring-cloud-commons\2.1.0.RELEASE\spring-cloud-commons-2.1.0.RELEASE.jar;C:\Users\sfjbs\.m2\repository\org\springframework\security\spring-security-rsa\1.0.7.RELEASE\spring-security-rsa-1.0.7.RELEASE.jar;C:\Users\sfjbs\.m2\repository\org\bouncycastle\bcpkix-jdk15on\1.60\bcpkix-jdk15on-1.60.jar;C:\Users\sfjbs\.m2\repository\org\bouncycastle\bcprov-jdk15on\1.60\bcprov-jdk15on-1.60.jar;C:\Users\sfjbs\.m2\repository\org\springframework\cloud\spring-cloud-netflix-eureka-client\2.1.0.RELEASE\spring-cloud-netflix-eureka-client-2.1.0.RELEASE.jar;C:\Users\sfjbs\.m2\repository\org\springframework\cloud\spring-cloud-netflix-hystrix\2.1.0.RELEASE\spring-cloud-netflix-hystrix-2.1.0.RELEASE.jar;C:\Users\sfjbs\.m2\repository\org\springframework\boot\spring-boot-starter-aop\2.1.4.RELEASE\spring-boot-starter-aop-2.1.4.RELEASE.jar;C:\Users\sfjbs\.m2\repository\org\aspectj\aspectjweaver\1.9.2\aspectjweaver-1.9.2.jar;C:\Users\sfjbs\.m2\repository\com\netflix\eureka\eureka-client\1.9.8\eureka-client-1.9.8.jar;C:\Users\sfjbs\.m2\repository\org\codehaus\jettison\jettison\1.3.7\jettison-1.3.7.jar;C:\Users\sfjbs\.m2\repository\stax\stax-api\1.0.1\stax-api-1.0.1.jar;C:\Users\sfjbs\.m2\repository\com\netflix\netflix-commons\netflix-eventbus\0.3.0\netflix-eventbus-0.3.0.jar;C:\Us
Launcher Type: SUN_STANDARD

[Global flags]
     intx CICompilerCount                          = 2                                         {product} {ergonomic}
     uint ConcGCThreads                            = 1                                         {product} {ergonomic}
     uint G1ConcRefinementThreads                  = 2                                         {product} {ergonomic}
   size_t G1HeapRegionSize                         = 1048576                                   {product} {ergonomic}
    uintx GCDrainStackTargetSize                   = 64                                        {product} {ergonomic}
   size_t InitialHeapSize                          = 134217728                                 {product} {ergonomic}
   size_t MarkStackSize                            = 4194304                                   {product} {ergonomic}
   size_t MaxHeapSize                              = 2147483648                                {product} {ergonomic}
   size_t MaxNewSize                               = 1287651328                                {product} {ergonomic}
   size_t MinHeapDeltaBytes                        = 1048576                                   {product} {ergonomic}
    uintx NonNMethodCodeHeapSize                   = 5825164                                {pd product} {ergonomic}
    uintx NonProfiledCodeHeapSize                  = 122916538                              {pd product} {ergonomic}
    uintx ProfiledCodeHeapSize                     = 122916538                              {pd product} {ergonomic}
    uintx ReservedCodeCacheSize                    = 251658240                              {pd product} {ergonomic}
     bool SegmentedCodeCache                       = true                                      {product} {ergonomic}
     bool UseCompressedClassPointers               = true                                 {lp64_product} {ergonomic}
     bool UseCompressedOops                        = true                                 {lp64_product} {ergonomic}
     bool UseG1GC                                  = true                                      {product} {ergonomic}
     bool UseLargePagesIndividualAllocation        = false                                  {pd product} {ergonomic}

Logging:
Log output configuration:
 #0: stdout all=warning uptime,level,tags
 #1: stderr all=off uptime,level,tags

Environment Variables:
PATH=C:\Program Files\Common Files\Oracle\Java\javapath;C:\Windows\system32;C:\Windows;C:\Windows\System32\Wbem;C:\Windows\System32\WindowsPowerShell\v1.0\;C:\Windows\System32\OpenSSH\;C:\Program Files\PuTTY\;C:\Program Files\Git\cmd;C:\Program Files\Docker\Docker\resources\bin;C:\ProgramData\DockerDesktop\version-bin;C:\Users\sfjbs\Downloads\apache-maven-3.8.6-bin\apache-maven-3.8.6\bin;C:\Users\sfjbs\Downloads\apache-maven-3.8.6-bin\apache-maven-3.8.6\lib;C:\Users\sfjbs\AppData\Local\Microsoft\WindowsApps;C:\Program Files\JetBrains\IntelliJ IDEA Community Edition 2022.2.1\bin;;C:\Users\sfjbs\Downloads\apache-maven-3.8.6-bin\apache-maven-3.8.6\bin;C:\Users\sfjbs\Downloads\apache-maven-3.8.6-bin\apache-maven-3.8.6\lib;
USERNAME=sfjbs
OS=Windows_NT
PROCESSOR_IDENTIFIER=Intel64 Family 6 Model 85 Stepping 7, GenuineIntel



---------------  S Y S T E M  ---------------

OS: Windows 10 , 64 bit Build 19041 (10.0.19041.1889)
Hyper-V role detected

CPU:total 2 (initial active 2) (1 cores per cpu, 2 threads per core) family 6 model 85 stepping 7 microcode 0xffffffff, cmov, cx8, fxsr, mmx, sse, sse2, sse3, ssse3, sse4.1, sse4.2, popcnt, avx, avx2, aes, clmul, erms, rtm, 3dnowpref, lzcnt, ht, tsc, bmi1, bmi2, adx, evex, fma

Memory: 4k page, system-wide physical 8190M (768M free)
TotalPageFile size 10238M (AvailPageFile size 6M)
current process WorkingSet (physical memory assigned to process): 158M, peak: 160M
current process commit charge ("private bytes"): 288M, peak: 290M

vm_info: Java HotSpot(TM) 64-Bit Server VM (11.0.15+8-LTS-149) for windows-amd64 JRE (11.0.15+8-LTS-149), built on Mar  9 2022 22:42:32 by "mach5one" with MS VC++ 15.9 (VS2017)

END.
